{
  "/home/terra/repo/2023q1/React-RSS/postcss.config.cjs": {
    "path": "/home/terra/repo/2023q1/React-RSS/postcss.config.cjs",
    "all": true,
    "statementMap": {
      "0": { "start": { "line": 1, "column": 0 }, "end": { "line": 1, "column": 18 } },
      "1": { "start": { "line": 2, "column": 0 }, "end": { "line": 2, "column": 12 } },
      "2": { "start": { "line": 3, "column": 0 }, "end": { "line": 3, "column": 20 } },
      "3": { "start": { "line": 4, "column": 0 }, "end": { "line": 4, "column": 21 } },
      "4": { "start": { "line": 5, "column": 0 }, "end": { "line": 5, "column": 4 } },
      "5": { "start": { "line": 6, "column": 0 }, "end": { "line": 6, "column": 2 } }
    },
    "s": { "0": 0, "1": 0, "2": 0, "3": 0, "4": 0, "5": 0 },
    "branchMap": {
      "0": {
        "type": "branch",
        "line": 1,
        "loc": { "start": { "line": 1, "column": 0 }, "end": { "line": 6, "column": 2 } },
        "locations": [{ "start": { "line": 1, "column": 0 }, "end": { "line": 6, "column": 2 } }]
      }
    },
    "b": { "0": [0] },
    "fnMap": {
      "0": {
        "name": "(empty-report)",
        "decl": { "start": { "line": 1, "column": 0 }, "end": { "line": 6, "column": 2 } },
        "loc": { "start": { "line": 1, "column": 0 }, "end": { "line": 6, "column": 2 } },
        "line": 1
      }
    },
    "f": { "0": 0 }
  },
  "/home/terra/repo/2023q1/React-RSS/tailwind.config.cjs": {
    "path": "/home/terra/repo/2023q1/React-RSS/tailwind.config.cjs",
    "all": true,
    "statementMap": {
      "0": { "start": { "line": 1, "column": 0 }, "end": { "line": 1, "column": 43 } },
      "1": { "start": { "line": 2, "column": 0 }, "end": { "line": 2, "column": 18 } },
      "2": { "start": { "line": 3, "column": 0 }, "end": { "line": 3, "column": 58 } },
      "3": { "start": { "line": 4, "column": 0 }, "end": { "line": 4, "column": 10 } },
      "4": { "start": { "line": 5, "column": 0 }, "end": { "line": 5, "column": 15 } },
      "5": { "start": { "line": 6, "column": 0 }, "end": { "line": 6, "column": 4 } },
      "6": { "start": { "line": 7, "column": 0 }, "end": { "line": 7, "column": 50 } },
      "7": { "start": { "line": 8, "column": 0 }, "end": { "line": 8, "column": 2 } }
    },
    "s": { "0": 0, "1": 0, "2": 0, "3": 0, "4": 0, "5": 0, "6": 0, "7": 0 },
    "branchMap": {
      "0": {
        "type": "branch",
        "line": 1,
        "loc": { "start": { "line": 1, "column": 0 }, "end": { "line": 8, "column": 2 } },
        "locations": [{ "start": { "line": 1, "column": 0 }, "end": { "line": 8, "column": 2 } }]
      }
    },
    "b": { "0": [0] },
    "fnMap": {
      "0": {
        "name": "(empty-report)",
        "decl": { "start": { "line": 1, "column": 0 }, "end": { "line": 8, "column": 2 } },
        "loc": { "start": { "line": 1, "column": 0 }, "end": { "line": 8, "column": 2 } },
        "line": 1
      }
    },
    "f": { "0": 0 }
  },
  "/home/terra/repo/2023q1/React-RSS/src/App.tsx": {
    "path": "/home/terra/repo/2023q1/React-RSS/src/App.tsx",
    "all": true,
    "statementMap": {
      "0": { "start": { "line": 1, "column": 0 }, "end": { "line": 1, "column": 26 } },
      "1": { "start": { "line": 2, "column": 0 }, "end": { "line": 2, "column": 42 } },
      "2": { "start": { "line": 3, "column": 0 }, "end": { "line": 3, "column": 19 } },
      "3": { "start": { "line": 4, "column": 0 }, "end": { "line": 4, "column": 48 } },
      "4": { "start": { "line": 5, "column": 0 }, "end": { "line": 5, "column": 0 } },
      "5": { "start": { "line": 6, "column": 0 }, "end": { "line": 6, "column": 35 } },
      "6": { "start": { "line": 7, "column": 0 }, "end": { "line": 7, "column": 30 } },
      "7": { "start": { "line": 8, "column": 0 }, "end": { "line": 8, "column": 17 } },
      "8": { "start": { "line": 9, "column": 0 }, "end": { "line": 9, "column": 3 } },
      "9": { "start": { "line": 10, "column": 0 }, "end": { "line": 10, "column": 0 } },
      "10": { "start": { "line": 11, "column": 0 }, "end": { "line": 11, "column": 12 } },
      "11": { "start": { "line": 12, "column": 0 }, "end": { "line": 12, "column": 12 } },
      "12": { "start": { "line": 13, "column": 0 }, "end": { "line": 13, "column": 8 } },
      "13": { "start": { "line": 14, "column": 0 }, "end": { "line": 14, "column": 18 } },
      "14": { "start": { "line": 15, "column": 0 }, "end": { "line": 15, "column": 14 } },
      "15": { "start": { "line": 16, "column": 0 }, "end": { "line": 16, "column": 20 } },
      "16": { "start": { "line": 17, "column": 0 }, "end": { "line": 17, "column": 15 } },
      "17": { "start": { "line": 18, "column": 0 }, "end": { "line": 18, "column": 9 } },
      "18": { "start": { "line": 19, "column": 0 }, "end": { "line": 19, "column": 6 } },
      "19": { "start": { "line": 20, "column": 0 }, "end": { "line": 20, "column": 3 } },
      "20": { "start": { "line": 21, "column": 0 }, "end": { "line": 21, "column": 1 } },
      "21": { "start": { "line": 22, "column": 0 }, "end": { "line": 22, "column": 0 } },
      "22": { "start": { "line": 23, "column": 0 }, "end": { "line": 23, "column": 19 } }
    },
    "s": {
      "0": 0,
      "1": 0,
      "2": 0,
      "3": 0,
      "4": 0,
      "5": 0,
      "6": 0,
      "7": 0,
      "8": 0,
      "9": 0,
      "10": 0,
      "11": 0,
      "12": 0,
      "13": 0,
      "14": 0,
      "15": 0,
      "16": 0,
      "17": 0,
      "18": 0,
      "19": 0,
      "20": 0,
      "21": 0,
      "22": 0
    },
    "branchMap": {
      "0": {
        "type": "branch",
        "line": 1,
        "loc": { "start": { "line": 1, "column": 0 }, "end": { "line": 23, "column": 19 } },
        "locations": [{ "start": { "line": 1, "column": 0 }, "end": { "line": 23, "column": 19 } }]
      }
    },
    "b": { "0": [0] },
    "fnMap": {
      "0": {
        "name": "(empty-report)",
        "decl": { "start": { "line": 1, "column": 0 }, "end": { "line": 23, "column": 19 } },
        "loc": { "start": { "line": 1, "column": 0 }, "end": { "line": 23, "column": 19 } },
        "line": 1
      }
    },
    "f": { "0": 0 }
  },
  "/home/terra/repo/2023q1/React-RSS/src/main.tsx": {
    "path": "/home/terra/repo/2023q1/React-RSS/src/main.tsx",
    "all": true,
    "statementMap": {
      "0": { "start": { "line": 1, "column": 0 }, "end": { "line": 1, "column": 26 } },
      "1": { "start": { "line": 2, "column": 0 }, "end": { "line": 2, "column": 40 } },
      "2": { "start": { "line": 3, "column": 0 }, "end": { "line": 3, "column": 71 } },
      "3": { "start": { "line": 4, "column": 0 }, "end": { "line": 4, "column": 24 } },
      "4": { "start": { "line": 5, "column": 0 }, "end": { "line": 5, "column": 45 } },
      "5": { "start": { "line": 6, "column": 0 }, "end": { "line": 6, "column": 21 } },
      "6": { "start": { "line": 7, "column": 0 }, "end": { "line": 7, "column": 38 } },
      "7": { "start": { "line": 8, "column": 0 }, "end": { "line": 8, "column": 40 } },
      "8": { "start": { "line": 9, "column": 0 }, "end": { "line": 9, "column": 0 } },
      "9": { "start": { "line": 10, "column": 0 }, "end": { "line": 10, "column": 36 } },
      "10": { "start": { "line": 11, "column": 0 }, "end": { "line": 11, "column": 3 } },
      "11": { "start": { "line": 12, "column": 0 }, "end": { "line": 12, "column": 14 } },
      "12": { "start": { "line": 13, "column": 0 }, "end": { "line": 13, "column": 21 } },
      "13": { "start": { "line": 14, "column": 0 }, "end": { "line": 14, "column": 31 } },
      "14": { "start": { "line": 15, "column": 0 }, "end": { "line": 15, "column": 15 } },
      "15": { "start": { "line": 16, "column": 0 }, "end": { "line": 16, "column": 7 } },
      "16": { "start": { "line": 17, "column": 0 }, "end": { "line": 17, "column": 17 } },
      "17": { "start": { "line": 18, "column": 0 }, "end": { "line": 18, "column": 27 } },
      "18": { "start": { "line": 19, "column": 0 }, "end": { "line": 19, "column": 8 } },
      "19": { "start": { "line": 20, "column": 0 }, "end": { "line": 20, "column": 7 } },
      "20": { "start": { "line": 21, "column": 0 }, "end": { "line": 21, "column": 25 } },
      "21": { "start": { "line": 22, "column": 0 }, "end": { "line": 22, "column": 29 } },
      "22": { "start": { "line": 23, "column": 0 }, "end": { "line": 23, "column": 8 } },
      "23": { "start": { "line": 24, "column": 0 }, "end": { "line": 24, "column": 6 } },
      "24": { "start": { "line": 25, "column": 0 }, "end": { "line": 25, "column": 4 } },
      "25": { "start": { "line": 26, "column": 0 }, "end": { "line": 26, "column": 3 } },
      "26": { "start": { "line": 27, "column": 0 }, "end": { "line": 27, "column": 0 } },
      "27": { "start": { "line": 28, "column": 0 }, "end": { "line": 28, "column": 75 } },
      "28": { "start": { "line": 29, "column": 0 }, "end": { "line": 29, "column": 20 } },
      "29": { "start": { "line": 30, "column": 0 }, "end": { "line": 30, "column": 38 } },
      "30": { "start": { "line": 31, "column": 0 }, "end": { "line": 31, "column": 21 } },
      "31": { "start": { "line": 32, "column": 0 }, "end": { "line": 32, "column": 2 } }
    },
    "s": {
      "0": 0,
      "1": 0,
      "2": 0,
      "3": 0,
      "4": 0,
      "5": 0,
      "6": 0,
      "7": 0,
      "8": 0,
      "9": 0,
      "10": 0,
      "11": 0,
      "12": 0,
      "13": 0,
      "14": 0,
      "15": 0,
      "16": 0,
      "17": 0,
      "18": 0,
      "19": 0,
      "20": 0,
      "21": 0,
      "22": 0,
      "23": 0,
      "24": 0,
      "25": 0,
      "26": 0,
      "27": 0,
      "28": 0,
      "29": 0,
      "30": 0,
      "31": 0
    },
    "branchMap": {
      "0": {
        "type": "branch",
        "line": 1,
        "loc": { "start": { "line": 1, "column": 0 }, "end": { "line": 32, "column": 2 } },
        "locations": [{ "start": { "line": 1, "column": 0 }, "end": { "line": 32, "column": 2 } }]
      }
    },
    "b": { "0": [0] },
    "fnMap": {
      "0": {
        "name": "(empty-report)",
        "decl": { "start": { "line": 1, "column": 0 }, "end": { "line": 32, "column": 2 } },
        "loc": { "start": { "line": 1, "column": 0 }, "end": { "line": 32, "column": 2 } },
        "line": 1
      }
    },
    "f": { "0": 0 }
  },
  "/home/terra/repo/2023q1/React-RSS/src/types.ts": {
    "path": "/home/terra/repo/2023q1/React-RSS/src/types.ts",
    "all": true,
    "statementMap": {
      "0": { "start": { "line": 1, "column": 0 }, "end": { "line": 1, "column": 24 } },
      "1": { "start": { "line": 2, "column": 0 }, "end": { "line": 2, "column": 15 } },
      "2": { "start": { "line": 3, "column": 0 }, "end": { "line": 3, "column": 18 } },
      "3": { "start": { "line": 4, "column": 0 }, "end": { "line": 4, "column": 37 } },
      "4": { "start": { "line": 5, "column": 0 }, "end": { "line": 5, "column": 35 } },
      "5": { "start": { "line": 6, "column": 0 }, "end": { "line": 6, "column": 15 } },
      "6": { "start": { "line": 7, "column": 0 }, "end": { "line": 7, "column": 16 } },
      "7": { "start": { "line": 8, "column": 0 }, "end": { "line": 8, "column": 19 } },
      "8": { "start": { "line": 9, "column": 0 }, "end": { "line": 9, "column": 16 } },
      "9": { "start": { "line": 10, "column": 0 }, "end": { "line": 10, "column": 2 } }
    },
    "s": { "0": 0, "1": 0, "2": 0, "3": 0, "4": 0, "5": 0, "6": 0, "7": 0, "8": 0, "9": 0 },
    "branchMap": {
      "0": {
        "type": "branch",
        "line": 1,
        "loc": { "start": { "line": 1, "column": 0 }, "end": { "line": 10, "column": 2 } },
        "locations": [{ "start": { "line": 1, "column": 0 }, "end": { "line": 10, "column": 2 } }]
      }
    },
    "b": { "0": [0] },
    "fnMap": {
      "0": {
        "name": "(empty-report)",
        "decl": { "start": { "line": 1, "column": 0 }, "end": { "line": 10, "column": 2 } },
        "loc": { "start": { "line": 1, "column": 0 }, "end": { "line": 10, "column": 2 } },
        "line": 1
      }
    },
    "f": { "0": 0 }
  },
  "/home/terra/repo/2023q1/React-RSS/src/components/card/Card.tsx": {
    "path": "/home/terra/repo/2023q1/React-RSS/src/components/card/Card.tsx",
    "all": false,
    "statementMap": {
      "0": { "start": { "line": 1, "column": 0 }, "end": { "line": 1, "column": 26 } },
      "1": { "start": { "line": 2, "column": 0 }, "end": { "line": 2, "column": 33 } },
      "2": { "start": { "line": 3, "column": 0 }, "end": { "line": 3, "column": 0 } },
      "3": { "start": { "line": 4, "column": 0 }, "end": { "line": 4, "column": 41 } },
      "4": { "start": { "line": 5, "column": 0 }, "end": { "line": 5, "column": 17 } },
      "5": { "start": { "line": 6, "column": 0 }, "end": { "line": 6, "column": 32 } },
      "6": { "start": { "line": 7, "column": 0 }, "end": { "line": 7, "column": 17 } },
      "7": { "start": { "line": 8, "column": 0 }, "end": { "line": 8, "column": 22 } },
      "8": { "start": { "line": 9, "column": 0 }, "end": { "line": 9, "column": 3 } },
      "9": { "start": { "line": 10, "column": 0 }, "end": { "line": 10, "column": 0 } },
      "10": { "start": { "line": 11, "column": 0 }, "end": { "line": 11, "column": 12 } },
      "11": { "start": { "line": 12, "column": 0 }, "end": { "line": 12, "column": 12 } },
      "12": { "start": { "line": 13, "column": 0 }, "end": { "line": 13, "column": 196 } },
      "13": { "start": { "line": 14, "column": 0 }, "end": { "line": 14, "column": 128 } },
      "14": { "start": { "line": 15, "column": 0 }, "end": { "line": 15, "column": 14 } },
      "15": { "start": { "line": 16, "column": 0 }, "end": { "line": 16, "column": 74 } },
      "16": { "start": { "line": 17, "column": 0 }, "end": { "line": 17, "column": 35 } },
      "17": { "start": { "line": 18, "column": 0 }, "end": { "line": 18, "column": 84 } },
      "18": { "start": { "line": 19, "column": 0 }, "end": { "line": 19, "column": 12 } },
      "19": { "start": { "line": 20, "column": 0 }, "end": { "line": 20, "column": 14 } },
      "20": { "start": { "line": 21, "column": 0 }, "end": { "line": 21, "column": 43 } },
      "21": { "start": { "line": 22, "column": 0 }, "end": { "line": 22, "column": 72 } },
      "22": { "start": { "line": 23, "column": 0 }, "end": { "line": 23, "column": 79 } },
      "23": { "start": { "line": 24, "column": 0 }, "end": { "line": 24, "column": 72 } },
      "24": { "start": { "line": 25, "column": 0 }, "end": { "line": 25, "column": 14 } },
      "25": { "start": { "line": 26, "column": 0 }, "end": { "line": 26, "column": 93 } },
      "26": { "start": { "line": 27, "column": 0 }, "end": { "line": 27, "column": 30 } },
      "27": { "start": { "line": 28, "column": 0 }, "end": { "line": 28, "column": 52 } },
      "28": { "start": { "line": 29, "column": 0 }, "end": { "line": 29, "column": 29 } },
      "29": { "start": { "line": 30, "column": 0 }, "end": { "line": 30, "column": 14 } },
      "30": { "start": { "line": 31, "column": 0 }, "end": { "line": 31, "column": 13 } },
      "31": { "start": { "line": 32, "column": 0 }, "end": { "line": 32, "column": 55 } },
      "32": { "start": { "line": 33, "column": 0 }, "end": { "line": 33, "column": 32 } },
      "33": { "start": { "line": 34, "column": 0 }, "end": { "line": 34, "column": 14 } },
      "34": { "start": { "line": 35, "column": 0 }, "end": { "line": 35, "column": 57 } },
      "35": { "start": { "line": 36, "column": 0 }, "end": { "line": 36, "column": 53 } },
      "36": { "start": { "line": 37, "column": 0 }, "end": { "line": 37, "column": 29 } },
      "37": { "start": { "line": 38, "column": 0 }, "end": { "line": 38, "column": 14 } },
      "38": { "start": { "line": 39, "column": 0 }, "end": { "line": 39, "column": 14 } },
      "39": { "start": { "line": 40, "column": 0 }, "end": { "line": 40, "column": 12 } },
      "40": { "start": { "line": 41, "column": 0 }, "end": { "line": 41, "column": 6 } },
      "41": { "start": { "line": 42, "column": 0 }, "end": { "line": 42, "column": 3 } },
      "42": { "start": { "line": 43, "column": 0 }, "end": { "line": 43, "column": 1 } },
      "43": { "start": { "line": 44, "column": 0 }, "end": { "line": 44, "column": 0 } },
      "44": { "start": { "line": 45, "column": 0 }, "end": { "line": 45, "column": 25 } }
    },
    "s": {
      "0": 1,
      "1": 1,
      "2": 1,
      "3": 1,
      "4": 1,
      "5": 1,
      "6": 22,
      "7": 22,
      "8": 22,
      "9": 1,
      "10": 1,
      "11": 22,
      "12": 22,
      "13": 22,
      "14": 22,
      "15": 22,
      "16": 22,
      "17": 22,
      "18": 22,
      "19": 22,
      "20": 22,
      "21": 22,
      "22": 22,
      "23": 22,
      "24": 22,
      "25": 22,
      "26": 22,
      "27": 22,
      "28": 22,
      "29": 22,
      "30": 22,
      "31": 22,
      "32": 22,
      "33": 22,
      "34": 22,
      "35": 22,
      "36": 22,
      "37": 22,
      "38": 22,
      "39": 22,
      "40": 22,
      "41": 22,
      "42": 1,
      "43": 1,
      "44": 1
    },
    "branchMap": {
      "0": {
        "type": "branch",
        "line": 5,
        "loc": { "start": { "line": 5, "column": 2 }, "end": { "line": 5, "column": 17 } },
        "locations": [{ "start": { "line": 5, "column": 2 }, "end": { "line": 5, "column": 17 } }]
      },
      "1": {
        "type": "branch",
        "line": 6,
        "loc": { "start": { "line": 6, "column": 2 }, "end": { "line": 9, "column": 3 } },
        "locations": [{ "start": { "line": 6, "column": 2 }, "end": { "line": 9, "column": 3 } }]
      },
      "2": {
        "type": "branch",
        "line": 11,
        "loc": { "start": { "line": 11, "column": 2 }, "end": { "line": 42, "column": 3 } },
        "locations": [{ "start": { "line": 11, "column": 2 }, "end": { "line": 42, "column": 3 } }]
      }
    },
    "b": { "0": [22], "1": [22], "2": [22] },
    "fnMap": {
      "0": {
        "name": "<instance_members_initializer>",
        "decl": { "start": { "line": 5, "column": 2 }, "end": { "line": 5, "column": 17 } },
        "loc": { "start": { "line": 5, "column": 2 }, "end": { "line": 5, "column": 17 } },
        "line": 5
      },
      "1": {
        "name": "CardBlock",
        "decl": { "start": { "line": 6, "column": 2 }, "end": { "line": 9, "column": 3 } },
        "loc": { "start": { "line": 6, "column": 2 }, "end": { "line": 9, "column": 3 } },
        "line": 6
      },
      "2": {
        "name": "render",
        "decl": { "start": { "line": 11, "column": 2 }, "end": { "line": 42, "column": 3 } },
        "loc": { "start": { "line": 11, "column": 2 }, "end": { "line": 42, "column": 3 } },
        "line": 11
      }
    },
    "f": { "0": 22, "1": 22, "2": 22 }
  },
  "/home/terra/repo/2023q1/React-RSS/src/components/cards/Cards.tsx": {
    "path": "/home/terra/repo/2023q1/React-RSS/src/components/cards/Cards.tsx",
    "all": false,
    "statementMap": {
      "0": { "start": { "line": 1, "column": 0 }, "end": { "line": 1, "column": 26 } },
      "1": { "start": { "line": 2, "column": 0 }, "end": { "line": 2, "column": 51 } },
      "2": { "start": { "line": 3, "column": 0 }, "end": { "line": 3, "column": 37 } },
      "3": { "start": { "line": 4, "column": 0 }, "end": { "line": 4, "column": 47 } },
      "4": { "start": { "line": 5, "column": 0 }, "end": { "line": 5, "column": 0 } },
      "5": { "start": { "line": 6, "column": 0 }, "end": { "line": 6, "column": 37 } },
      "6": { "start": { "line": 7, "column": 0 }, "end": { "line": 7, "column": 30 } },
      "7": { "start": { "line": 8, "column": 0 }, "end": { "line": 8, "column": 17 } },
      "8": { "start": { "line": 9, "column": 0 }, "end": { "line": 9, "column": 3 } },
      "9": { "start": { "line": 10, "column": 0 }, "end": { "line": 10, "column": 0 } },
      "10": { "start": { "line": 11, "column": 0 }, "end": { "line": 11, "column": 12 } },
      "11": { "start": { "line": 12, "column": 0 }, "end": { "line": 12, "column": 12 } },
      "12": { "start": { "line": 13, "column": 0 }, "end": { "line": 13, "column": 32 } },
      "13": { "start": { "line": 14, "column": 0 }, "end": { "line": 14, "column": 21 } },
      "14": { "start": { "line": 15, "column": 0 }, "end": { "line": 15, "column": 92 } },
      "15": { "start": { "line": 16, "column": 0 }, "end": { "line": 16, "column": 47 } },
      "16": { "start": { "line": 17, "column": 0 }, "end": { "line": 17, "column": 0 } },
      "17": { "start": { "line": 18, "column": 0 }, "end": { "line": 18, "column": 117 } },
      "18": { "start": { "line": 19, "column": 0 }, "end": { "line": 19, "column": 36 } },
      "19": { "start": { "line": 20, "column": 0 }, "end": { "line": 20, "column": 43 } },
      "20": { "start": { "line": 21, "column": 0 }, "end": { "line": 21, "column": 24 } },
      "21": { "start": { "line": 22, "column": 0 }, "end": { "line": 22, "column": 71 } },
      "22": { "start": { "line": 23, "column": 0 }, "end": { "line": 23, "column": 41 } },
      "23": { "start": { "line": 24, "column": 0 }, "end": { "line": 24, "column": 24 } },
      "24": { "start": { "line": 25, "column": 0 }, "end": { "line": 25, "column": 18 } },
      "25": { "start": { "line": 26, "column": 0 }, "end": { "line": 26, "column": 15 } },
      "26": { "start": { "line": 27, "column": 0 }, "end": { "line": 27, "column": 15 } },
      "27": { "start": { "line": 28, "column": 0 }, "end": { "line": 28, "column": 16 } },
      "28": { "start": { "line": 29, "column": 0 }, "end": { "line": 29, "column": 14 } },
      "29": { "start": { "line": 30, "column": 0 }, "end": { "line": 30, "column": 12 } },
      "30": { "start": { "line": 31, "column": 0 }, "end": { "line": 31, "column": 6 } },
      "31": { "start": { "line": 32, "column": 0 }, "end": { "line": 32, "column": 3 } },
      "32": { "start": { "line": 33, "column": 0 }, "end": { "line": 33, "column": 1 } },
      "33": { "start": { "line": 34, "column": 0 }, "end": { "line": 34, "column": 0 } },
      "34": { "start": { "line": 35, "column": 0 }, "end": { "line": 35, "column": 21 } }
    },
    "s": {
      "0": 1,
      "1": 1,
      "2": 1,
      "3": 1,
      "4": 1,
      "5": 1,
      "6": 1,
      "7": 1,
      "8": 1,
      "9": 1,
      "10": 1,
      "11": 1,
      "12": 1,
      "13": 1,
      "14": 1,
      "15": 1,
      "16": 1,
      "17": 1,
      "18": 1,
      "19": 22,
      "20": 22,
      "21": 22,
      "22": 22,
      "23": 22,
      "24": 22,
      "25": 22,
      "26": 1,
      "27": 1,
      "28": 1,
      "29": 1,
      "30": 1,
      "31": 1,
      "32": 1,
      "33": 1,
      "34": 1
    },
    "branchMap": {
      "0": {
        "type": "branch",
        "line": 7,
        "loc": { "start": { "line": 7, "column": 2 }, "end": { "line": 9, "column": 3 } },
        "locations": [{ "start": { "line": 7, "column": 2 }, "end": { "line": 9, "column": 3 } }]
      },
      "1": {
        "type": "branch",
        "line": 11,
        "loc": { "start": { "line": 11, "column": 2 }, "end": { "line": 32, "column": 3 } },
        "locations": [{ "start": { "line": 11, "column": 2 }, "end": { "line": 32, "column": 3 } }]
      },
      "2": {
        "type": "branch",
        "line": 19,
        "loc": { "start": { "line": 19, "column": 24 }, "end": { "line": 27, "column": 13 } },
        "locations": [
          { "start": { "line": 19, "column": 24 }, "end": { "line": 27, "column": 13 } }
        ]
      }
    },
    "b": { "0": [1], "1": [1], "2": [22] },
    "fnMap": {
      "0": {
        "name": "Cards",
        "decl": { "start": { "line": 7, "column": 2 }, "end": { "line": 9, "column": 3 } },
        "loc": { "start": { "line": 7, "column": 2 }, "end": { "line": 9, "column": 3 } },
        "line": 7
      },
      "1": {
        "name": "render",
        "decl": { "start": { "line": 11, "column": 2 }, "end": { "line": 32, "column": 3 } },
        "loc": { "start": { "line": 11, "column": 2 }, "end": { "line": 32, "column": 3 } },
        "line": 11
      }
    },
    "f": { "0": 1, "1": 1 }
  },
  "/home/terra/repo/2023q1/React-RSS/src/components/header/Header.tsx": {
    "path": "/home/terra/repo/2023q1/React-RSS/src/components/header/Header.tsx",
    "all": false,
    "statementMap": {
      "0": { "start": { "line": 1, "column": 0 }, "end": { "line": 1, "column": 26 } },
      "1": { "start": { "line": 2, "column": 0 }, "end": { "line": 2, "column": 43 } },
      "2": { "start": { "line": 3, "column": 0 }, "end": { "line": 3, "column": 0 } },
      "3": { "start": { "line": 4, "column": 0 }, "end": { "line": 4, "column": 38 } },
      "4": { "start": { "line": 5, "column": 0 }, "end": { "line": 5, "column": 30 } },
      "5": { "start": { "line": 6, "column": 0 }, "end": { "line": 6, "column": 17 } },
      "6": { "start": { "line": 7, "column": 0 }, "end": { "line": 7, "column": 3 } },
      "7": { "start": { "line": 8, "column": 0 }, "end": { "line": 8, "column": 0 } },
      "8": { "start": { "line": 9, "column": 0 }, "end": { "line": 9, "column": 12 } },
      "9": { "start": { "line": 10, "column": 0 }, "end": { "line": 10, "column": 12 } },
      "10": { "start": { "line": 11, "column": 0 }, "end": { "line": 11, "column": 140 } },
      "11": { "start": { "line": 12, "column": 0 }, "end": { "line": 12, "column": 13 } },
      "12": { "start": { "line": 13, "column": 0 }, "end": { "line": 13, "column": 41 } },
      "13": { "start": { "line": 14, "column": 0 }, "end": { "line": 14, "column": 16 } },
      "14": { "start": { "line": 15, "column": 0 }, "end": { "line": 15, "column": 22 } },
      "15": { "start": { "line": 16, "column": 0 }, "end": { "line": 16, "column": 24 } },
      "16": { "start": { "line": 17, "column": 0 }, "end": { "line": 17, "column": 85 } },
      "17": { "start": { "line": 18, "column": 0 }, "end": { "line": 18, "column": 42 } },
      "18": { "start": { "line": 19, "column": 0 }, "end": { "line": 19, "column": 26 } },
      "19": { "start": { "line": 20, "column": 0 }, "end": { "line": 20, "column": 70 } },
      "20": { "start": { "line": 21, "column": 0 }, "end": { "line": 21, "column": 20 } },
      "21": { "start": { "line": 22, "column": 0 }, "end": { "line": 22, "column": 18 } },
      "22": { "start": { "line": 23, "column": 0 }, "end": { "line": 23, "column": 15 } },
      "23": { "start": { "line": 24, "column": 0 }, "end": { "line": 24, "column": 20 } },
      "24": { "start": { "line": 25, "column": 0 }, "end": { "line": 25, "column": 24 } },
      "25": { "start": { "line": 26, "column": 0 }, "end": { "line": 26, "column": 17 } },
      "26": { "start": { "line": 27, "column": 0 }, "end": { "line": 27, "column": 16 } },
      "27": { "start": { "line": 28, "column": 0 }, "end": { "line": 28, "column": 22 } },
      "28": { "start": { "line": 29, "column": 0 }, "end": { "line": 29, "column": 32 } },
      "29": { "start": { "line": 30, "column": 0 }, "end": { "line": 30, "column": 85 } },
      "30": { "start": { "line": 31, "column": 0 }, "end": { "line": 31, "column": 42 } },
      "31": { "start": { "line": 32, "column": 0 }, "end": { "line": 32, "column": 26 } },
      "32": { "start": { "line": 33, "column": 0 }, "end": { "line": 33, "column": 70 } },
      "33": { "start": { "line": 34, "column": 0 }, "end": { "line": 34, "column": 20 } },
      "34": { "start": { "line": 35, "column": 0 }, "end": { "line": 35, "column": 18 } },
      "35": { "start": { "line": 36, "column": 0 }, "end": { "line": 36, "column": 15 } },
      "36": { "start": { "line": 37, "column": 0 }, "end": { "line": 37, "column": 23 } },
      "37": { "start": { "line": 38, "column": 0 }, "end": { "line": 38, "column": 24 } },
      "38": { "start": { "line": 39, "column": 0 }, "end": { "line": 39, "column": 17 } },
      "39": { "start": { "line": 40, "column": 0 }, "end": { "line": 40, "column": 15 } },
      "40": { "start": { "line": 41, "column": 0 }, "end": { "line": 41, "column": 14 } },
      "41": { "start": { "line": 42, "column": 0 }, "end": { "line": 42, "column": 15 } },
      "42": { "start": { "line": 43, "column": 0 }, "end": { "line": 43, "column": 6 } },
      "43": { "start": { "line": 44, "column": 0 }, "end": { "line": 44, "column": 3 } },
      "44": { "start": { "line": 45, "column": 0 }, "end": { "line": 45, "column": 1 } },
      "45": { "start": { "line": 46, "column": 0 }, "end": { "line": 46, "column": 0 } },
      "46": { "start": { "line": 47, "column": 0 }, "end": { "line": 47, "column": 22 } }
    },
    "s": {
      "0": 1,
      "1": 1,
      "2": 1,
      "3": 1,
      "4": 1,
      "5": 2,
      "6": 2,
      "7": 1,
      "8": 1,
      "9": 2,
      "10": 2,
      "11": 2,
      "12": 2,
      "13": 2,
      "14": 2,
      "15": 2,
      "16": 2,
      "17": 2,
      "18": 4,
      "19": 4,
      "20": 4,
      "21": 4,
      "22": 2,
      "23": 2,
      "24": 2,
      "25": 2,
      "26": 2,
      "27": 2,
      "28": 2,
      "29": 2,
      "30": 2,
      "31": 4,
      "32": 4,
      "33": 4,
      "34": 4,
      "35": 2,
      "36": 2,
      "37": 2,
      "38": 2,
      "39": 2,
      "40": 2,
      "41": 2,
      "42": 2,
      "43": 2,
      "44": 1,
      "45": 1,
      "46": 1
    },
    "branchMap": {
      "0": {
        "type": "branch",
        "line": 5,
        "loc": { "start": { "line": 5, "column": 2 }, "end": { "line": 7, "column": 3 } },
        "locations": [{ "start": { "line": 5, "column": 2 }, "end": { "line": 7, "column": 3 } }]
      },
      "1": {
        "type": "branch",
        "line": 9,
        "loc": { "start": { "line": 9, "column": 2 }, "end": { "line": 44, "column": 3 } },
        "locations": [{ "start": { "line": 9, "column": 2 }, "end": { "line": 44, "column": 3 } }]
      },
      "2": {
        "type": "branch",
        "line": 18,
        "loc": { "start": { "line": 18, "column": 23 }, "end": { "line": 22, "column": 18 } },
        "locations": [
          { "start": { "line": 18, "column": 23 }, "end": { "line": 22, "column": 18 } }
        ]
      },
      "3": {
        "type": "branch",
        "line": 20,
        "loc": { "start": { "line": 20, "column": 34 }, "end": { "line": 20, "column": 67 } },
        "locations": [
          { "start": { "line": 20, "column": 34 }, "end": { "line": 20, "column": 67 } }
        ]
      },
      "4": {
        "type": "branch",
        "line": 20,
        "loc": { "start": { "line": 20, "column": 45 }, "end": { "line": 20, "column": 70 } },
        "locations": [
          { "start": { "line": 20, "column": 45 }, "end": { "line": 20, "column": 70 } }
        ]
      },
      "5": {
        "type": "branch",
        "line": 31,
        "loc": { "start": { "line": 31, "column": 23 }, "end": { "line": 35, "column": 18 } },
        "locations": [
          { "start": { "line": 31, "column": 23 }, "end": { "line": 35, "column": 18 } }
        ]
      },
      "6": {
        "type": "branch",
        "line": 33,
        "loc": { "start": { "line": 33, "column": 34 }, "end": { "line": 33, "column": 67 } },
        "locations": [
          { "start": { "line": 33, "column": 34 }, "end": { "line": 33, "column": 67 } }
        ]
      },
      "7": {
        "type": "branch",
        "line": 33,
        "loc": { "start": { "line": 33, "column": 45 }, "end": { "line": 33, "column": 70 } },
        "locations": [
          { "start": { "line": 33, "column": 45 }, "end": { "line": 33, "column": 70 } }
        ]
      }
    },
    "b": { "0": [2], "1": [2], "2": [4], "3": [3], "4": [1], "5": [4], "6": [1], "7": [3] },
    "fnMap": {
      "0": {
        "name": "Header",
        "decl": { "start": { "line": 5, "column": 2 }, "end": { "line": 7, "column": 3 } },
        "loc": { "start": { "line": 5, "column": 2 }, "end": { "line": 7, "column": 3 } },
        "line": 5
      },
      "1": {
        "name": "render",
        "decl": { "start": { "line": 9, "column": 2 }, "end": { "line": 44, "column": 3 } },
        "loc": { "start": { "line": 9, "column": 2 }, "end": { "line": 44, "column": 3 } },
        "line": 9
      },
      "2": {
        "name": "style",
        "decl": { "start": { "line": 18, "column": 23 }, "end": { "line": 22, "column": 18 } },
        "loc": { "start": { "line": 18, "column": 23 }, "end": { "line": 22, "column": 18 } },
        "line": 18
      },
      "3": {
        "name": "style",
        "decl": { "start": { "line": 31, "column": 23 }, "end": { "line": 35, "column": 18 } },
        "loc": { "start": { "line": 31, "column": 23 }, "end": { "line": 35, "column": 18 } },
        "line": 31
      }
    },
    "f": { "0": 2, "1": 2, "2": 4, "3": 4 }
  },
  "/home/terra/repo/2023q1/React-RSS/src/components/searchBar/SearchBar.tsx": {
    "path": "/home/terra/repo/2023q1/React-RSS/src/components/searchBar/SearchBar.tsx",
    "all": false,
    "statementMap": {
      "0": { "start": { "line": 1, "column": 0 }, "end": { "line": 1, "column": 54 } },
      "1": { "start": { "line": 2, "column": 0 }, "end": { "line": 2, "column": 0 } },
      "2": { "start": { "line": 3, "column": 0 }, "end": { "line": 3, "column": 41 } },
      "3": { "start": { "line": 4, "column": 0 }, "end": { "line": 4, "column": 24 } },
      "4": { "start": { "line": 5, "column": 0 }, "end": { "line": 5, "column": 30 } },
      "5": { "start": { "line": 6, "column": 0 }, "end": { "line": 6, "column": 17 } },
      "6": { "start": { "line": 7, "column": 0 }, "end": { "line": 7, "column": 68 } },
      "7": { "start": { "line": 8, "column": 0 }, "end": { "line": 8, "column": 53 } },
      "8": { "start": { "line": 9, "column": 0 }, "end": { "line": 9, "column": 53 } },
      "9": { "start": { "line": 10, "column": 0 }, "end": { "line": 10, "column": 3 } },
      "10": { "start": { "line": 11, "column": 0 }, "end": { "line": 11, "column": 0 } },
      "11": { "start": { "line": 12, "column": 0 }, "end": { "line": 12, "column": 60 } },
      "12": { "start": { "line": 13, "column": 0 }, "end": { "line": 13, "column": 49 } },
      "13": { "start": { "line": 14, "column": 0 }, "end": { "line": 14, "column": 3 } },
      "14": { "start": { "line": 15, "column": 0 }, "end": { "line": 15, "column": 0 } },
      "15": { "start": { "line": 16, "column": 0 }, "end": { "line": 16, "column": 34 } },
      "16": { "start": { "line": 17, "column": 0 }, "end": { "line": 17, "column": 54 } },
      "17": { "start": { "line": 18, "column": 0 }, "end": { "line": 18, "column": 27 } },
      "18": { "start": { "line": 19, "column": 0 }, "end": { "line": 19, "column": 3 } },
      "19": { "start": { "line": 20, "column": 0 }, "end": { "line": 20, "column": 0 } },
      "20": { "start": { "line": 21, "column": 0 }, "end": { "line": 21, "column": 32 } },
      "21": { "start": { "line": 22, "column": 0 }, "end": { "line": 22, "column": 33 } },
      "22": { "start": { "line": 23, "column": 0 }, "end": { "line": 23, "column": 43 } },
      "23": { "start": { "line": 24, "column": 0 }, "end": { "line": 24, "column": 3 } },
      "24": { "start": { "line": 25, "column": 0 }, "end": { "line": 25, "column": 0 } },
      "25": { "start": { "line": 26, "column": 0 }, "end": { "line": 26, "column": 12 } },
      "26": { "start": { "line": 27, "column": 0 }, "end": { "line": 27, "column": 12 } },
      "27": { "start": { "line": 28, "column": 0 }, "end": { "line": 28, "column": 88 } },
      "28": { "start": { "line": 29, "column": 0 }, "end": { "line": 29, "column": 14 } },
      "29": { "start": { "line": 30, "column": 0 }, "end": { "line": 30, "column": 21 } },
      "30": { "start": { "line": 31, "column": 0 }, "end": { "line": 31, "column": 34 } },
      "31": { "start": { "line": 32, "column": 0 }, "end": { "line": 32, "column": 38 } },
      "32": { "start": { "line": 33, "column": 0 }, "end": { "line": 33, "column": 248 } },
      "33": { "start": { "line": 34, "column": 0 }, "end": { "line": 34, "column": 10 } },
      "34": { "start": { "line": 35, "column": 0 }, "end": { "line": 35, "column": 15 } },
      "35": { "start": { "line": 36, "column": 0 }, "end": { "line": 36, "column": 23 } },
      "36": { "start": { "line": 37, "column": 0 }, "end": { "line": 37, "column": 23 } },
      "37": { "start": { "line": 38, "column": 0 }, "end": { "line": 38, "column": 38 } },
      "38": { "start": { "line": 39, "column": 0 }, "end": { "line": 39, "column": 64 } },
      "39": { "start": { "line": 40, "column": 0 }, "end": { "line": 40, "column": 9 } },
      "40": { "start": { "line": 41, "column": 0 }, "end": { "line": 41, "column": 51 } },
      "41": { "start": { "line": 42, "column": 0 }, "end": { "line": 42, "column": 17 } },
      "42": { "start": { "line": 43, "column": 0 }, "end": { "line": 43, "column": 13 } },
      "43": { "start": { "line": 44, "column": 0 }, "end": { "line": 44, "column": 6 } },
      "44": { "start": { "line": 45, "column": 0 }, "end": { "line": 45, "column": 3 } },
      "45": { "start": { "line": 46, "column": 0 }, "end": { "line": 46, "column": 1 } },
      "46": { "start": { "line": 47, "column": 0 }, "end": { "line": 47, "column": 0 } },
      "47": { "start": { "line": 48, "column": 0 }, "end": { "line": 48, "column": 25 } }
    },
    "s": {
      "0": 1,
      "1": 1,
      "2": 1,
      "3": 1,
      "4": 1,
      "5": 5,
      "6": 5,
      "7": 5,
      "8": 5,
      "9": 5,
      "10": 1,
      "11": 1,
      "12": 5,
      "13": 5,
      "14": 1,
      "15": 1,
      "16": 1,
      "17": 1,
      "18": 1,
      "19": 1,
      "20": 1,
      "21": 5,
      "22": 5,
      "23": 5,
      "24": 1,
      "25": 1,
      "26": 10,
      "27": 10,
      "28": 10,
      "29": 10,
      "30": 10,
      "31": 10,
      "32": 10,
      "33": 10,
      "34": 10,
      "35": 10,
      "36": 10,
      "37": 10,
      "38": 10,
      "39": 10,
      "40": 10,
      "41": 10,
      "42": 10,
      "43": 10,
      "44": 10,
      "45": 1,
      "46": 1,
      "47": 1
    },
    "branchMap": {
      "0": {
        "type": "branch",
        "line": 4,
        "loc": { "start": { "line": 4, "column": 2 }, "end": { "line": 4, "column": 24 } },
        "locations": [{ "start": { "line": 4, "column": 2 }, "end": { "line": 4, "column": 24 } }]
      },
      "1": {
        "type": "branch",
        "line": 5,
        "loc": { "start": { "line": 5, "column": 2 }, "end": { "line": 10, "column": 3 } },
        "locations": [{ "start": { "line": 5, "column": 2 }, "end": { "line": 10, "column": 3 } }]
      },
      "2": {
        "type": "branch",
        "line": 7,
        "loc": { "start": { "line": 7, "column": 58 }, "end": { "line": 7, "column": 66 } },
        "locations": [{ "start": { "line": 7, "column": 58 }, "end": { "line": 7, "column": 66 } }]
      },
      "3": {
        "type": "branch",
        "line": 12,
        "loc": { "start": { "line": 12, "column": 2 }, "end": { "line": 14, "column": 3 } },
        "locations": [{ "start": { "line": 12, "column": 2 }, "end": { "line": 14, "column": 3 } }]
      },
      "4": {
        "type": "branch",
        "line": 16,
        "loc": { "start": { "line": 16, "column": 2 }, "end": { "line": 19, "column": 3 } },
        "locations": [{ "start": { "line": 16, "column": 2 }, "end": { "line": 19, "column": 3 } }]
      },
      "5": {
        "type": "branch",
        "line": 21,
        "loc": { "start": { "line": 21, "column": 2 }, "end": { "line": 24, "column": 3 } },
        "locations": [{ "start": { "line": 21, "column": 2 }, "end": { "line": 24, "column": 3 } }]
      },
      "6": {
        "type": "branch",
        "line": 26,
        "loc": { "start": { "line": 26, "column": 2 }, "end": { "line": 45, "column": 3 } },
        "locations": [{ "start": { "line": 26, "column": 2 }, "end": { "line": 45, "column": 3 } }]
      }
    },
    "b": { "0": [5], "1": [5], "2": [4], "3": [5], "4": [1], "5": [5], "6": [10] },
    "fnMap": {
      "0": {
        "name": "<instance_members_initializer>",
        "decl": { "start": { "line": 4, "column": 2 }, "end": { "line": 4, "column": 24 } },
        "loc": { "start": { "line": 4, "column": 2 }, "end": { "line": 4, "column": 24 } },
        "line": 4
      },
      "1": {
        "name": "SearchBar",
        "decl": { "start": { "line": 5, "column": 2 }, "end": { "line": 10, "column": 3 } },
        "loc": { "start": { "line": 5, "column": 2 }, "end": { "line": 10, "column": 3 } },
        "line": 5
      },
      "2": {
        "name": "handleChange",
        "decl": { "start": { "line": 12, "column": 2 }, "end": { "line": 14, "column": 3 } },
        "loc": { "start": { "line": 12, "column": 2 }, "end": { "line": 14, "column": 3 } },
        "line": 12
      },
      "3": {
        "name": "handleSubmit",
        "decl": { "start": { "line": 16, "column": 2 }, "end": { "line": 19, "column": 3 } },
        "loc": { "start": { "line": 16, "column": 2 }, "end": { "line": 19, "column": 3 } },
        "line": 16
      },
      "4": {
        "name": "componentWillUnmount",
        "decl": { "start": { "line": 21, "column": 2 }, "end": { "line": 24, "column": 3 } },
        "loc": { "start": { "line": 21, "column": 2 }, "end": { "line": 24, "column": 3 } },
        "line": 21
      },
      "5": {
        "name": "render",
        "decl": { "start": { "line": 26, "column": 2 }, "end": { "line": 45, "column": 3 } },
        "loc": { "start": { "line": 26, "column": 2 }, "end": { "line": 45, "column": 3 } },
        "line": 26
      }
    },
    "f": { "0": 5, "1": 5, "2": 5, "3": 1, "4": 5, "5": 10 }
  },
  "/home/terra/repo/2023q1/React-RSS/src/pages/AboutUs.tsx": {
    "path": "/home/terra/repo/2023q1/React-RSS/src/pages/AboutUs.tsx",
    "all": true,
    "statementMap": {
      "0": { "start": { "line": 1, "column": 0 }, "end": { "line": 1, "column": 26 } },
      "1": { "start": { "line": 2, "column": 0 }, "end": { "line": 2, "column": 0 } },
      "2": { "start": { "line": 3, "column": 0 }, "end": { "line": 3, "column": 39 } },
      "3": { "start": { "line": 4, "column": 0 }, "end": { "line": 4, "column": 30 } },
      "4": { "start": { "line": 5, "column": 0 }, "end": { "line": 5, "column": 17 } },
      "5": { "start": { "line": 6, "column": 0 }, "end": { "line": 6, "column": 3 } },
      "6": { "start": { "line": 7, "column": 0 }, "end": { "line": 7, "column": 0 } },
      "7": { "start": { "line": 8, "column": 0 }, "end": { "line": 8, "column": 12 } },
      "8": { "start": { "line": 9, "column": 0 }, "end": { "line": 9, "column": 12 } },
      "9": { "start": { "line": 10, "column": 0 }, "end": { "line": 10, "column": 96 } },
      "10": { "start": { "line": 11, "column": 0 }, "end": { "line": 11, "column": 25 } },
      "11": { "start": { "line": 12, "column": 0 }, "end": { "line": 12, "column": 40 } },
      "12": { "start": { "line": 13, "column": 0 }, "end": { "line": 13, "column": 11 } },
      "13": { "start": { "line": 14, "column": 0 }, "end": { "line": 14, "column": 93 } },
      "14": { "start": { "line": 15, "column": 0 }, "end": { "line": 15, "column": 94 } },
      "15": { "start": { "line": 16, "column": 0 }, "end": { "line": 16, "column": 58 } },
      "16": { "start": { "line": 17, "column": 0 }, "end": { "line": 17, "column": 12 } },
      "17": { "start": { "line": 18, "column": 0 }, "end": { "line": 18, "column": 12 } },
      "18": { "start": { "line": 19, "column": 0 }, "end": { "line": 19, "column": 6 } },
      "19": { "start": { "line": 20, "column": 0 }, "end": { "line": 20, "column": 3 } },
      "20": { "start": { "line": 21, "column": 0 }, "end": { "line": 21, "column": 1 } },
      "21": { "start": { "line": 22, "column": 0 }, "end": { "line": 22, "column": 0 } },
      "22": { "start": { "line": 23, "column": 0 }, "end": { "line": 23, "column": 23 } }
    },
    "s": {
      "0": 0,
      "1": 0,
      "2": 0,
      "3": 0,
      "4": 0,
      "5": 0,
      "6": 0,
      "7": 0,
      "8": 0,
      "9": 0,
      "10": 0,
      "11": 0,
      "12": 0,
      "13": 0,
      "14": 0,
      "15": 0,
      "16": 0,
      "17": 0,
      "18": 0,
      "19": 0,
      "20": 0,
      "21": 0,
      "22": 0
    },
    "branchMap": {
      "0": {
        "type": "branch",
        "line": 1,
        "loc": { "start": { "line": 1, "column": 0 }, "end": { "line": 23, "column": 23 } },
        "locations": [{ "start": { "line": 1, "column": 0 }, "end": { "line": 23, "column": 23 } }]
      }
    },
    "b": { "0": [0] },
    "fnMap": {
      "0": {
        "name": "(empty-report)",
        "decl": { "start": { "line": 1, "column": 0 }, "end": { "line": 23, "column": 23 } },
        "loc": { "start": { "line": 1, "column": 0 }, "end": { "line": 23, "column": 23 } },
        "line": 1
      }
    },
    "f": { "0": 0 }
  },
  "/home/terra/repo/2023q1/React-RSS/src/pages/NotFound.tsx": {
    "path": "/home/terra/repo/2023q1/React-RSS/src/pages/NotFound.tsx",
    "all": true,
    "statementMap": {
      "0": { "start": { "line": 1, "column": 0 }, "end": { "line": 1, "column": 26 } },
      "1": { "start": { "line": 2, "column": 0 }, "end": { "line": 2, "column": 0 } },
      "2": { "start": { "line": 3, "column": 0 }, "end": { "line": 3, "column": 40 } },
      "3": { "start": { "line": 4, "column": 0 }, "end": { "line": 4, "column": 30 } },
      "4": { "start": { "line": 5, "column": 0 }, "end": { "line": 5, "column": 17 } },
      "5": { "start": { "line": 6, "column": 0 }, "end": { "line": 6, "column": 3 } },
      "6": { "start": { "line": 7, "column": 0 }, "end": { "line": 7, "column": 0 } },
      "7": { "start": { "line": 8, "column": 0 }, "end": { "line": 8, "column": 12 } },
      "8": { "start": { "line": 9, "column": 0 }, "end": { "line": 9, "column": 12 } },
      "9": { "start": { "line": 10, "column": 0 }, "end": { "line": 10, "column": 8 } },
      "10": { "start": { "line": 11, "column": 0 }, "end": { "line": 11, "column": 30 } },
      "11": { "start": { "line": 12, "column": 0 }, "end": { "line": 12, "column": 37 } },
      "12": { "start": { "line": 13, "column": 0 }, "end": { "line": 13, "column": 9 } },
      "13": { "start": { "line": 14, "column": 0 }, "end": { "line": 14, "column": 6 } },
      "14": { "start": { "line": 15, "column": 0 }, "end": { "line": 15, "column": 3 } },
      "15": { "start": { "line": 16, "column": 0 }, "end": { "line": 16, "column": 1 } },
      "16": { "start": { "line": 17, "column": 0 }, "end": { "line": 17, "column": 0 } },
      "17": { "start": { "line": 18, "column": 0 }, "end": { "line": 18, "column": 24 } }
    },
    "s": {
      "0": 0,
      "1": 0,
      "2": 0,
      "3": 0,
      "4": 0,
      "5": 0,
      "6": 0,
      "7": 0,
      "8": 0,
      "9": 0,
      "10": 0,
      "11": 0,
      "12": 0,
      "13": 0,
      "14": 0,
      "15": 0,
      "16": 0,
      "17": 0
    },
    "branchMap": {
      "0": {
        "type": "branch",
        "line": 1,
        "loc": { "start": { "line": 1, "column": 0 }, "end": { "line": 18, "column": 24 } },
        "locations": [{ "start": { "line": 1, "column": 0 }, "end": { "line": 18, "column": 24 } }]
      }
    },
    "b": { "0": [0] },
    "fnMap": {
      "0": {
        "name": "(empty-report)",
        "decl": { "start": { "line": 1, "column": 0 }, "end": { "line": 18, "column": 24 } },
        "loc": { "start": { "line": 1, "column": 0 }, "end": { "line": 18, "column": 24 } },
        "line": 1
      }
    },
    "f": { "0": 0 }
  }
}
