{
  "/home/terra/repo/2023q1/React-RSS/src/components/card/Card.tsx": {
    "path": "/home/terra/repo/2023q1/React-RSS/src/components/card/Card.tsx",
    "all": false,
    "statementMap": {
      "0": { "start": { "line": 1, "column": 0 }, "end": { "line": 1, "column": 26 } },
      "1": { "start": { "line": 2, "column": 0 }, "end": { "line": 2, "column": 33 } },
      "2": { "start": { "line": 3, "column": 0 }, "end": { "line": 3, "column": 0 } },
      "3": { "start": { "line": 4, "column": 0 }, "end": { "line": 4, "column": 41 } },
      "4": { "start": { "line": 5, "column": 0 }, "end": { "line": 5, "column": 17 } },
      "5": { "start": { "line": 6, "column": 0 }, "end": { "line": 6, "column": 32 } },
      "6": { "start": { "line": 7, "column": 0 }, "end": { "line": 7, "column": 17 } },
      "7": { "start": { "line": 8, "column": 0 }, "end": { "line": 8, "column": 22 } },
      "8": { "start": { "line": 9, "column": 0 }, "end": { "line": 9, "column": 3 } },
      "9": { "start": { "line": 10, "column": 0 }, "end": { "line": 10, "column": 0 } },
      "10": { "start": { "line": 11, "column": 0 }, "end": { "line": 11, "column": 12 } },
      "11": { "start": { "line": 12, "column": 0 }, "end": { "line": 12, "column": 12 } },
      "12": { "start": { "line": 13, "column": 0 }, "end": { "line": 13, "column": 185 } },
      "13": { "start": { "line": 14, "column": 0 }, "end": { "line": 14, "column": 116 } },
      "14": { "start": { "line": 15, "column": 0 }, "end": { "line": 15, "column": 14 } },
      "15": { "start": { "line": 16, "column": 0 }, "end": { "line": 16, "column": 17 } },
      "16": { "start": { "line": 17, "column": 0 }, "end": { "line": 17, "column": 31 } },
      "17": { "start": { "line": 18, "column": 0 }, "end": { "line": 18, "column": 74 } },
      "18": { "start": { "line": 19, "column": 0 }, "end": { "line": 19, "column": 34 } },
      "19": { "start": { "line": 20, "column": 0 }, "end": { "line": 20, "column": 34 } },
      "20": { "start": { "line": 21, "column": 0 }, "end": { "line": 21, "column": 20 } },
      "21": { "start": { "line": 22, "column": 0 }, "end": { "line": 22, "column": 13 } },
      "22": { "start": { "line": 23, "column": 0 }, "end": { "line": 23, "column": 35 } },
      "23": { "start": { "line": 24, "column": 0 }, "end": { "line": 24, "column": 84 } },
      "24": { "start": { "line": 25, "column": 0 }, "end": { "line": 25, "column": 12 } },
      "25": { "start": { "line": 26, "column": 0 }, "end": { "line": 26, "column": 14 } },
      "26": { "start": { "line": 27, "column": 0 }, "end": { "line": 27, "column": 43 } },
      "27": { "start": { "line": 28, "column": 0 }, "end": { "line": 28, "column": 72 } },
      "28": { "start": { "line": 29, "column": 0 }, "end": { "line": 29, "column": 79 } },
      "29": { "start": { "line": 30, "column": 0 }, "end": { "line": 30, "column": 72 } },
      "30": { "start": { "line": 31, "column": 0 }, "end": { "line": 31, "column": 14 } },
      "31": { "start": { "line": 32, "column": 0 }, "end": { "line": 32, "column": 93 } },
      "32": { "start": { "line": 33, "column": 0 }, "end": { "line": 33, "column": 30 } },
      "33": { "start": { "line": 34, "column": 0 }, "end": { "line": 34, "column": 52 } },
      "34": { "start": { "line": 35, "column": 0 }, "end": { "line": 35, "column": 29 } },
      "35": { "start": { "line": 36, "column": 0 }, "end": { "line": 36, "column": 14 } },
      "36": { "start": { "line": 37, "column": 0 }, "end": { "line": 37, "column": 13 } },
      "37": { "start": { "line": 38, "column": 0 }, "end": { "line": 38, "column": 55 } },
      "38": { "start": { "line": 39, "column": 0 }, "end": { "line": 39, "column": 32 } },
      "39": { "start": { "line": 40, "column": 0 }, "end": { "line": 40, "column": 14 } },
      "40": { "start": { "line": 41, "column": 0 }, "end": { "line": 41, "column": 57 } },
      "41": { "start": { "line": 42, "column": 0 }, "end": { "line": 42, "column": 53 } },
      "42": { "start": { "line": 43, "column": 0 }, "end": { "line": 43, "column": 29 } },
      "43": { "start": { "line": 44, "column": 0 }, "end": { "line": 44, "column": 14 } },
      "44": { "start": { "line": 45, "column": 0 }, "end": { "line": 45, "column": 14 } },
      "45": { "start": { "line": 46, "column": 0 }, "end": { "line": 46, "column": 12 } },
      "46": { "start": { "line": 47, "column": 0 }, "end": { "line": 47, "column": 6 } },
      "47": { "start": { "line": 48, "column": 0 }, "end": { "line": 48, "column": 3 } },
      "48": { "start": { "line": 49, "column": 0 }, "end": { "line": 49, "column": 1 } },
      "49": { "start": { "line": 50, "column": 0 }, "end": { "line": 50, "column": 0 } },
      "50": { "start": { "line": 51, "column": 0 }, "end": { "line": 51, "column": 25 } }
    },
    "s": {
      "0": 1,
      "1": 1,
      "2": 1,
      "3": 1,
      "4": 1,
      "5": 1,
      "6": 0,
      "7": 0,
      "8": 0,
      "9": 1,
      "10": 1,
      "11": 0,
      "12": 0,
      "13": 0,
      "14": 0,
      "15": 0,
      "16": 0,
      "17": 0,
      "18": 0,
      "19": 0,
      "20": 0,
      "21": 0,
      "22": 0,
      "23": 0,
      "24": 0,
      "25": 0,
      "26": 0,
      "27": 0,
      "28": 0,
      "29": 0,
      "30": 0,
      "31": 0,
      "32": 0,
      "33": 0,
      "34": 0,
      "35": 0,
      "36": 0,
      "37": 0,
      "38": 0,
      "39": 0,
      "40": 0,
      "41": 0,
      "42": 0,
      "43": 0,
      "44": 0,
      "45": 0,
      "46": 0,
      "47": 0,
      "48": 1,
      "49": 1,
      "50": 1
    },
    "branchMap": {
      "0": {
        "type": "branch",
        "line": 5,
        "loc": { "start": { "line": 5, "column": 2 }, "end": { "line": 5, "column": 17 } },
        "locations": [{ "start": { "line": 5, "column": 2 }, "end": { "line": 5, "column": 17 } }]
      }
    },
    "b": { "0": [0] },
    "fnMap": {
      "0": {
        "name": "<instance_members_initializer>",
        "decl": { "start": { "line": 5, "column": 2 }, "end": { "line": 5, "column": 17 } },
        "loc": { "start": { "line": 5, "column": 2 }, "end": { "line": 5, "column": 17 } },
        "line": 5
      },
      "1": {
        "name": "CardBlock",
        "decl": { "start": { "line": 6, "column": 2 }, "end": { "line": 9, "column": 3 } },
        "loc": { "start": { "line": 6, "column": 2 }, "end": { "line": 9, "column": 3 } },
        "line": 6
      },
      "2": {
        "name": "render",
        "decl": { "start": { "line": 11, "column": 2 }, "end": { "line": 48, "column": 3 } },
        "loc": { "start": { "line": 11, "column": 2 }, "end": { "line": 48, "column": 3 } },
        "line": 11
      }
    },
    "f": { "0": 0, "1": 0, "2": 0 }
  },
  "/home/terra/repo/2023q1/React-RSS/src/components/cardForm/CardForm.tsx": {
    "path": "/home/terra/repo/2023q1/React-RSS/src/components/cardForm/CardForm.tsx",
    "all": false,
    "statementMap": {
      "0": { "start": { "line": 1, "column": 0 }, "end": { "line": 1, "column": 41 } },
      "1": { "start": { "line": 2, "column": 0 }, "end": { "line": 2, "column": 58 } },
      "2": { "start": { "line": 3, "column": 0 }, "end": { "line": 3, "column": 58 } },
      "3": { "start": { "line": 4, "column": 0 }, "end": { "line": 4, "column": 54 } },
      "4": { "start": { "line": 5, "column": 0 }, "end": { "line": 5, "column": 58 } },
      "5": { "start": { "line": 6, "column": 0 }, "end": { "line": 6, "column": 26 } },
      "6": { "start": { "line": 7, "column": 0 }, "end": { "line": 7, "column": 0 } },
      "7": { "start": { "line": 8, "column": 0 }, "end": { "line": 8, "column": 24 } },
      "8": { "start": { "line": 9, "column": 0 }, "end": { "line": 9, "column": 37 } },
      "9": { "start": { "line": 10, "column": 0 }, "end": { "line": 10, "column": 1 } },
      "10": { "start": { "line": 11, "column": 0 }, "end": { "line": 11, "column": 0 } },
      "11": { "start": { "line": 12, "column": 0 }, "end": { "line": 12, "column": 24 } },
      "12": { "start": { "line": 13, "column": 0 }, "end": { "line": 13, "column": 32 } },
      "13": { "start": { "line": 14, "column": 0 }, "end": { "line": 14, "column": 32 } },
      "14": { "start": { "line": 15, "column": 0 }, "end": { "line": 15, "column": 34 } },
      "15": { "start": { "line": 16, "column": 0 }, "end": { "line": 16, "column": 34 } },
      "16": { "start": { "line": 17, "column": 0 }, "end": { "line": 17, "column": 38 } },
      "17": { "start": { "line": 18, "column": 0 }, "end": { "line": 18, "column": 33 } },
      "18": { "start": { "line": 19, "column": 0 }, "end": { "line": 19, "column": 27 } },
      "19": { "start": { "line": 20, "column": 0 }, "end": { "line": 20, "column": 29 } },
      "20": { "start": { "line": 21, "column": 0 }, "end": { "line": 21, "column": 23 } },
      "21": { "start": { "line": 22, "column": 0 }, "end": { "line": 22, "column": 21 } },
      "22": { "start": { "line": 23, "column": 0 }, "end": { "line": 23, "column": 21 } },
      "23": { "start": { "line": 24, "column": 0 }, "end": { "line": 24, "column": 21 } },
      "24": { "start": { "line": 25, "column": 0 }, "end": { "line": 25, "column": 23 } },
      "25": { "start": { "line": 26, "column": 0 }, "end": { "line": 26, "column": 25 } },
      "26": { "start": { "line": 27, "column": 0 }, "end": { "line": 27, "column": 22 } },
      "27": { "start": { "line": 28, "column": 0 }, "end": { "line": 28, "column": 21 } },
      "28": { "start": { "line": 29, "column": 0 }, "end": { "line": 29, "column": 22 } },
      "29": { "start": { "line": 30, "column": 0 }, "end": { "line": 30, "column": 1 } },
      "30": { "start": { "line": 31, "column": 0 }, "end": { "line": 31, "column": 0 } },
      "31": { "start": { "line": 32, "column": 0 }, "end": { "line": 32, "column": 18 } },
      "32": { "start": { "line": 33, "column": 0 }, "end": { "line": 33, "column": 15 } },
      "33": { "start": { "line": 34, "column": 0 }, "end": { "line": 34, "column": 45 } },
      "34": { "start": { "line": 35, "column": 0 }, "end": { "line": 35, "column": 4 } },
      "35": { "start": { "line": 36, "column": 0 }, "end": { "line": 36, "column": 0 } },
      "36": { "start": { "line": 37, "column": 0 }, "end": { "line": 37, "column": 54 } },
      "37": { "start": { "line": 38, "column": 0 }, "end": { "line": 38, "column": 29 } },
      "38": { "start": { "line": 39, "column": 0 }, "end": { "line": 39, "column": 17 } },
      "39": { "start": { "line": 40, "column": 0 }, "end": { "line": 40, "column": 53 } },
      "40": { "start": { "line": 41, "column": 0 }, "end": { "line": 41, "column": 18 } },
      "41": { "start": { "line": 42, "column": 0 }, "end": { "line": 42, "column": 20 } },
      "42": { "start": { "line": 43, "column": 0 }, "end": { "line": 43, "column": 20 } },
      "43": { "start": { "line": 44, "column": 0 }, "end": { "line": 44, "column": 22 } },
      "44": { "start": { "line": 45, "column": 0 }, "end": { "line": 45, "column": 22 } },
      "45": { "start": { "line": 46, "column": 0 }, "end": { "line": 46, "column": 24 } },
      "46": { "start": { "line": 47, "column": 0 }, "end": { "line": 47, "column": 21 } },
      "47": { "start": { "line": 48, "column": 0 }, "end": { "line": 48, "column": 15 } },
      "48": { "start": { "line": 49, "column": 0 }, "end": { "line": 49, "column": 19 } },
      "49": { "start": { "line": 50, "column": 0 }, "end": { "line": 50, "column": 24 } },
      "50": { "start": { "line": 51, "column": 0 }, "end": { "line": 51, "column": 20 } },
      "51": { "start": { "line": 52, "column": 0 }, "end": { "line": 52, "column": 20 } },
      "52": { "start": { "line": 53, "column": 0 }, "end": { "line": 53, "column": 20 } },
      "53": { "start": { "line": 54, "column": 0 }, "end": { "line": 54, "column": 22 } },
      "54": { "start": { "line": 55, "column": 0 }, "end": { "line": 55, "column": 24 } },
      "55": { "start": { "line": 56, "column": 0 }, "end": { "line": 56, "column": 21 } },
      "56": { "start": { "line": 57, "column": 0 }, "end": { "line": 57, "column": 20 } },
      "57": { "start": { "line": 58, "column": 0 }, "end": { "line": 58, "column": 21 } },
      "58": { "start": { "line": 59, "column": 0 }, "end": { "line": 59, "column": 6 } },
      "59": { "start": { "line": 60, "column": 0 }, "end": { "line": 60, "column": 23 } },
      "60": { "start": { "line": 61, "column": 0 }, "end": { "line": 61, "column": 3 } },
      "61": { "start": { "line": 62, "column": 0 }, "end": { "line": 62, "column": 0 } },
      "62": { "start": { "line": 63, "column": 0 }, "end": { "line": 63, "column": 82 } },
      "63": { "start": { "line": 64, "column": 0 }, "end": { "line": 64, "column": 98 } },
      "64": { "start": { "line": 65, "column": 0 }, "end": { "line": 65, "column": 12 } },
      "65": { "start": { "line": 66, "column": 0 }, "end": { "line": 66, "column": 15 } },
      "66": { "start": { "line": 67, "column": 0 }, "end": { "line": 67, "column": 33 } },
      "67": { "start": { "line": 68, "column": 0 }, "end": { "line": 68, "column": 6 } },
      "68": { "start": { "line": 69, "column": 0 }, "end": { "line": 69, "column": 5 } },
      "69": { "start": { "line": 70, "column": 0 }, "end": { "line": 70, "column": 69 } },
      "70": { "start": { "line": 71, "column": 0 }, "end": { "line": 71, "column": 12 } },
      "71": { "start": { "line": 72, "column": 0 }, "end": { "line": 72, "column": 15 } },
      "72": { "start": { "line": 73, "column": 0 }, "end": { "line": 73, "column": 33 } },
      "73": { "start": { "line": 74, "column": 0 }, "end": { "line": 74, "column": 6 } },
      "74": { "start": { "line": 75, "column": 0 }, "end": { "line": 75, "column": 5 } },
      "75": { "start": { "line": 76, "column": 0 }, "end": { "line": 76, "column": 0 } },
      "76": { "start": { "line": 77, "column": 0 }, "end": { "line": 77, "column": 70 } },
      "77": { "start": { "line": 78, "column": 0 }, "end": { "line": 78, "column": 70 } },
      "78": { "start": { "line": 79, "column": 0 }, "end": { "line": 79, "column": 74 } },
      "79": { "start": { "line": 80, "column": 0 }, "end": { "line": 80, "column": 71 } },
      "80": { "start": { "line": 81, "column": 0 }, "end": { "line": 81, "column": 73 } },
      "81": { "start": { "line": 82, "column": 0 }, "end": { "line": 82, "column": 65 } },
      "82": { "start": { "line": 83, "column": 0 }, "end": { "line": 83, "column": 69 } },
      "83": { "start": { "line": 84, "column": 0 }, "end": { "line": 84, "column": 64 } },
      "84": { "start": { "line": 85, "column": 0 }, "end": { "line": 85, "column": 0 } },
      "85": { "start": { "line": 86, "column": 0 }, "end": { "line": 86, "column": 24 } },
      "86": { "start": { "line": 87, "column": 0 }, "end": { "line": 87, "column": 11 } },
      "87": { "start": { "line": 88, "column": 0 }, "end": { "line": 88, "column": 16 } },
      "88": { "start": { "line": 89, "column": 0 }, "end": { "line": 89, "column": 16 } },
      "89": { "start": { "line": 90, "column": 0 }, "end": { "line": 90, "column": 18 } },
      "90": { "start": { "line": 91, "column": 0 }, "end": { "line": 91, "column": 18 } },
      "91": { "start": { "line": 92, "column": 0 }, "end": { "line": 92, "column": 20 } },
      "92": { "start": { "line": 93, "column": 0 }, "end": { "line": 93, "column": 17 } },
      "93": { "start": { "line": 94, "column": 0 }, "end": { "line": 94, "column": 12 } },
      "94": { "start": { "line": 95, "column": 0 }, "end": { "line": 95, "column": 11 } },
      "95": { "start": { "line": 96, "column": 0 }, "end": { "line": 96, "column": 19 } },
      "96": { "start": { "line": 97, "column": 0 }, "end": { "line": 97, "column": 23 } },
      "97": { "start": { "line": 98, "column": 0 }, "end": { "line": 98, "column": 27 } },
      "98": { "start": { "line": 99, "column": 0 }, "end": { "line": 99, "column": 22 } },
      "99": { "start": { "line": 100, "column": 0 }, "end": { "line": 100, "column": 57 } },
      "100": { "start": { "line": 101, "column": 0 }, "end": { "line": 101, "column": 12 } },
      "101": { "start": { "line": 102, "column": 0 }, "end": { "line": 102, "column": 39 } },
      "102": { "start": { "line": 103, "column": 0 }, "end": { "line": 103, "column": 5 } },
      "103": { "start": { "line": 104, "column": 0 }, "end": { "line": 104, "column": 27 } },
      "104": { "start": { "line": 105, "column": 0 }, "end": { "line": 105, "column": 22 } },
      "105": { "start": { "line": 106, "column": 0 }, "end": { "line": 106, "column": 57 } },
      "106": { "start": { "line": 107, "column": 0 }, "end": { "line": 107, "column": 12 } },
      "107": { "start": { "line": 108, "column": 0 }, "end": { "line": 108, "column": 39 } },
      "108": { "start": { "line": 109, "column": 0 }, "end": { "line": 109, "column": 5 } },
      "109": { "start": { "line": 110, "column": 0 }, "end": { "line": 110, "column": 50 } },
      "110": { "start": { "line": 111, "column": 0 }, "end": { "line": 111, "column": 22 } },
      "111": { "start": { "line": 112, "column": 0 }, "end": { "line": 112, "column": 70 } },
      "112": { "start": { "line": 113, "column": 0 }, "end": { "line": 113, "column": 12 } },
      "113": { "start": { "line": 114, "column": 0 }, "end": { "line": 114, "column": 39 } },
      "114": { "start": { "line": 115, "column": 0 }, "end": { "line": 115, "column": 5 } },
      "115": { "start": { "line": 116, "column": 0 }, "end": { "line": 116, "column": 58 } },
      "116": { "start": { "line": 117, "column": 0 }, "end": { "line": 117, "column": 22 } },
      "117": { "start": { "line": 118, "column": 0 }, "end": { "line": 118, "column": 66 } },
      "118": { "start": { "line": 119, "column": 0 }, "end": { "line": 119, "column": 12 } },
      "119": { "start": { "line": 120, "column": 0 }, "end": { "line": 120, "column": 41 } },
      "120": { "start": { "line": 121, "column": 0 }, "end": { "line": 121, "column": 5 } },
      "121": { "start": { "line": 122, "column": 0 }, "end": { "line": 122, "column": 54 } },
      "122": { "start": { "line": 123, "column": 0 }, "end": { "line": 123, "column": 22 } },
      "123": { "start": { "line": 124, "column": 0 }, "end": { "line": 124, "column": 76 } },
      "124": { "start": { "line": 125, "column": 0 }, "end": { "line": 125, "column": 12 } },
      "125": { "start": { "line": 126, "column": 0 }, "end": { "line": 126, "column": 43 } },
      "126": { "start": { "line": 127, "column": 0 }, "end": { "line": 127, "column": 5 } },
      "127": { "start": { "line": 128, "column": 0 }, "end": { "line": 128, "column": 56 } },
      "128": { "start": { "line": 129, "column": 0 }, "end": { "line": 129, "column": 22 } },
      "129": { "start": { "line": 130, "column": 0 }, "end": { "line": 130, "column": 65 } },
      "130": { "start": { "line": 131, "column": 0 }, "end": { "line": 131, "column": 12 } },
      "131": { "start": { "line": 132, "column": 0 }, "end": { "line": 132, "column": 40 } },
      "132": { "start": { "line": 133, "column": 0 }, "end": { "line": 133, "column": 5 } },
      "133": { "start": { "line": 134, "column": 0 }, "end": { "line": 134, "column": 22 } },
      "134": { "start": { "line": 135, "column": 0 }, "end": { "line": 135, "column": 65 } },
      "135": { "start": { "line": 136, "column": 0 }, "end": { "line": 136, "column": 22 } },
      "136": { "start": { "line": 137, "column": 0 }, "end": { "line": 137, "column": 54 } },
      "137": { "start": { "line": 138, "column": 0 }, "end": { "line": 138, "column": 12 } },
      "138": { "start": { "line": 139, "column": 0 }, "end": { "line": 139, "column": 39 } },
      "139": { "start": { "line": 140, "column": 0 }, "end": { "line": 140, "column": 5 } },
      "140": { "start": { "line": 141, "column": 0 }, "end": { "line": 141, "column": 17 } },
      "141": { "start": { "line": 142, "column": 0 }, "end": { "line": 142, "column": 22 } },
      "142": { "start": { "line": 143, "column": 0 }, "end": { "line": 143, "column": 64 } },
      "143": { "start": { "line": 144, "column": 0 }, "end": { "line": 144, "column": 12 } },
      "144": { "start": { "line": 145, "column": 0 }, "end": { "line": 145, "column": 40 } },
      "145": { "start": { "line": 146, "column": 0 }, "end": { "line": 146, "column": 5 } },
      "146": { "start": { "line": 147, "column": 0 }, "end": { "line": 147, "column": 0 } },
      "147": { "start": { "line": 148, "column": 0 }, "end": { "line": 148, "column": 19 } },
      "148": { "start": { "line": 149, "column": 0 }, "end": { "line": 149, "column": 44 } },
      "149": { "start": { "line": 150, "column": 0 }, "end": { "line": 150, "column": 5 } },
      "150": { "start": { "line": 151, "column": 0 }, "end": { "line": 151, "column": 28 } },
      "151": { "start": { "line": 152, "column": 0 }, "end": { "line": 152, "column": 18 } },
      "152": { "start": { "line": 153, "column": 0 }, "end": { "line": 153, "column": 21 } },
      "153": { "start": { "line": 154, "column": 0 }, "end": { "line": 154, "column": 5 } },
      "154": { "start": { "line": 155, "column": 0 }, "end": { "line": 155, "column": 4 } },
      "155": { "start": { "line": 156, "column": 0 }, "end": { "line": 156, "column": 0 } },
      "156": { "start": { "line": 157, "column": 0 }, "end": { "line": 157, "column": 13 } },
      "157": { "start": { "line": 158, "column": 0 }, "end": { "line": 158, "column": 40 } },
      "158": { "start": { "line": 159, "column": 0 }, "end": { "line": 159, "column": 34 } },
      "159": { "start": { "line": 160, "column": 0 }, "end": { "line": 160, "column": 19 } },
      "160": { "start": { "line": 161, "column": 0 }, "end": { "line": 161, "column": 20 } },
      "161": { "start": { "line": 162, "column": 0 }, "end": { "line": 162, "column": 20 } },
      "162": { "start": { "line": 163, "column": 0 }, "end": { "line": 163, "column": 22 } },
      "163": { "start": { "line": 164, "column": 0 }, "end": { "line": 164, "column": 22 } },
      "164": { "start": { "line": 165, "column": 0 }, "end": { "line": 165, "column": 24 } },
      "165": { "start": { "line": 166, "column": 0 }, "end": { "line": 166, "column": 21 } },
      "166": { "start": { "line": 167, "column": 0 }, "end": { "line": 167, "column": 15 } },
      "167": { "start": { "line": 168, "column": 0 }, "end": { "line": 168, "column": 19 } },
      "168": { "start": { "line": 169, "column": 0 }, "end": { "line": 169, "column": 24 } },
      "169": { "start": { "line": 170, "column": 0 }, "end": { "line": 170, "column": 20 } },
      "170": { "start": { "line": 171, "column": 0 }, "end": { "line": 171, "column": 20 } },
      "171": { "start": { "line": 172, "column": 0 }, "end": { "line": 172, "column": 20 } },
      "172": { "start": { "line": 173, "column": 0 }, "end": { "line": 173, "column": 22 } },
      "173": { "start": { "line": 174, "column": 0 }, "end": { "line": 174, "column": 24 } },
      "174": { "start": { "line": 175, "column": 0 }, "end": { "line": 175, "column": 21 } },
      "175": { "start": { "line": 176, "column": 0 }, "end": { "line": 176, "column": 20 } },
      "176": { "start": { "line": 177, "column": 0 }, "end": { "line": 177, "column": 21 } },
      "177": { "start": { "line": 178, "column": 0 }, "end": { "line": 178, "column": 7 } },
      "178": { "start": { "line": 179, "column": 0 }, "end": { "line": 179, "column": 3 } },
      "179": { "start": { "line": 180, "column": 0 }, "end": { "line": 180, "column": 0 } },
      "180": { "start": { "line": 181, "column": 0 }, "end": { "line": 181, "column": 22 } },
      "181": { "start": { "line": 182, "column": 0 }, "end": { "line": 182, "column": 34 } },
      "182": { "start": { "line": 183, "column": 0 }, "end": { "line": 183, "column": 43 } },
      "183": { "start": { "line": 184, "column": 0 }, "end": { "line": 184, "column": 5 } },
      "184": { "start": { "line": 185, "column": 0 }, "end": { "line": 185, "column": 4 } },
      "185": { "start": { "line": 186, "column": 0 }, "end": { "line": 186, "column": 0 } },
      "186": { "start": { "line": 187, "column": 0 }, "end": { "line": 187, "column": 52 } },
      "187": { "start": { "line": 188, "column": 0 }, "end": { "line": 188, "column": 80 } },
      "188": { "start": { "line": 189, "column": 0 }, "end": { "line": 189, "column": 4 } },
      "189": { "start": { "line": 190, "column": 0 }, "end": { "line": 190, "column": 0 } },
      "190": { "start": { "line": 191, "column": 0 }, "end": { "line": 191, "column": 40 } },
      "191": { "start": { "line": 192, "column": 0 }, "end": { "line": 192, "column": 27 } },
      "192": { "start": { "line": 193, "column": 0 }, "end": { "line": 193, "column": 18 } },
      "193": { "start": { "line": 194, "column": 0 }, "end": { "line": 194, "column": 7 } },
      "194": { "start": { "line": 195, "column": 0 }, "end": { "line": 195, "column": 52 } },
      "195": { "start": { "line": 196, "column": 0 }, "end": { "line": 196, "column": 52 } },
      "196": { "start": { "line": 197, "column": 0 }, "end": { "line": 197, "column": 55 } },
      "197": { "start": { "line": 198, "column": 0 }, "end": { "line": 198, "column": 56 } },
      "198": { "start": { "line": 199, "column": 0 }, "end": { "line": 199, "column": 51 } },
      "199": { "start": { "line": 200, "column": 0 }, "end": { "line": 200, "column": 65 } },
      "200": { "start": { "line": 201, "column": 0 }, "end": { "line": 201, "column": 61 } },
      "201": { "start": { "line": 202, "column": 0 }, "end": { "line": 202, "column": 27 } },
      "202": { "start": { "line": 203, "column": 0 }, "end": { "line": 203, "column": 8 } },
      "203": { "start": { "line": 204, "column": 0 }, "end": { "line": 204, "column": 13 } },
      "204": { "start": { "line": 205, "column": 0 }, "end": { "line": 205, "column": 28 } },
      "205": { "start": { "line": 206, "column": 0 }, "end": { "line": 206, "column": 7 } },
      "206": { "start": { "line": 207, "column": 0 }, "end": { "line": 207, "column": 6 } },
      "207": { "start": { "line": 208, "column": 0 }, "end": { "line": 208, "column": 4 } },
      "208": { "start": { "line": 209, "column": 0 }, "end": { "line": 209, "column": 0 } },
      "209": { "start": { "line": 210, "column": 0 }, "end": { "line": 210, "column": 22 } },
      "210": { "start": { "line": 211, "column": 0 }, "end": { "line": 211, "column": 8 } },
      "211": { "start": { "line": 212, "column": 0 }, "end": { "line": 212, "column": 29 } },
      "212": { "start": { "line": 213, "column": 0 }, "end": { "line": 213, "column": 35 } },
      "213": { "start": { "line": 214, "column": 0 }, "end": { "line": 214, "column": 44 } },
      "214": { "start": { "line": 215, "column": 0 }, "end": { "line": 215, "column": 7 } },
      "215": { "start": { "line": 216, "column": 0 }, "end": { "line": 216, "column": 49 } },
      "216": { "start": { "line": 217, "column": 0 }, "end": { "line": 217, "column": 42 } },
      "217": { "start": { "line": 218, "column": 0 }, "end": { "line": 218, "column": 23 } },
      "218": { "start": { "line": 219, "column": 0 }, "end": { "line": 219, "column": 49 } },
      "219": { "start": { "line": 220, "column": 0 }, "end": { "line": 220, "column": 11 } },
      "220": { "start": { "line": 221, "column": 0 }, "end": { "line": 221, "column": 41 } },
      "221": { "start": { "line": 222, "column": 0 }, "end": { "line": 222, "column": 14 } },
      "222": { "start": { "line": 223, "column": 0 }, "end": { "line": 223, "column": 65 } },
      "223": { "start": { "line": 224, "column": 0 }, "end": { "line": 224, "column": 7 } },
      "224": { "start": { "line": 225, "column": 0 }, "end": { "line": 225, "column": 5 } },
      "225": { "start": { "line": 226, "column": 0 }, "end": { "line": 226, "column": 4 } },
      "226": { "start": { "line": 227, "column": 0 }, "end": { "line": 227, "column": 0 } },
      "227": { "start": { "line": 228, "column": 0 }, "end": { "line": 228, "column": 12 } },
      "228": { "start": { "line": 229, "column": 0 }, "end": { "line": 229, "column": 12 } },
      "229": { "start": { "line": 230, "column": 0 }, "end": { "line": 230, "column": 50 } },
      "230": { "start": { "line": 231, "column": 0 }, "end": { "line": 231, "column": 13 } },
      "231": { "start": { "line": 232, "column": 0 }, "end": { "line": 232, "column": 28 } },
      "232": { "start": { "line": 233, "column": 0 }, "end": { "line": 233, "column": 38 } },
      "233": { "start": { "line": 234, "column": 0 }, "end": { "line": 234, "column": 36 } },
      "234": { "start": { "line": 235, "column": 0 }, "end": { "line": 235, "column": 28 } },
      "235": { "start": { "line": 236, "column": 0 }, "end": { "line": 236, "column": 9 } },
      "236": { "start": { "line": 237, "column": 0 }, "end": { "line": 237, "column": 64 } },
      "237": { "start": { "line": 238, "column": 0 }, "end": { "line": 238, "column": 55 } },
      "238": { "start": { "line": 239, "column": 0 }, "end": { "line": 239, "column": 54 } },
      "239": { "start": { "line": 240, "column": 0 }, "end": { "line": 240, "column": 28 } },
      "240": { "start": { "line": 241, "column": 0 }, "end": { "line": 241, "column": 29 } },
      "241": { "start": { "line": 242, "column": 0 }, "end": { "line": 242, "column": 29 } },
      "242": { "start": { "line": 243, "column": 0 }, "end": { "line": 243, "column": 46 } },
      "243": { "start": { "line": 244, "column": 0 }, "end": { "line": 244, "column": 45 } },
      "244": { "start": { "line": 245, "column": 0 }, "end": { "line": 245, "column": 18 } },
      "245": { "start": { "line": 246, "column": 0 }, "end": { "line": 246, "column": 28 } },
      "246": { "start": { "line": 247, "column": 0 }, "end": { "line": 247, "column": 29 } },
      "247": { "start": { "line": 248, "column": 0 }, "end": { "line": 248, "column": 29 } },
      "248": { "start": { "line": 249, "column": 0 }, "end": { "line": 249, "column": 46 } },
      "249": { "start": { "line": 250, "column": 0 }, "end": { "line": 250, "column": 45 } },
      "250": { "start": { "line": 251, "column": 0 }, "end": { "line": 251, "column": 18 } },
      "251": { "start": { "line": 252, "column": 0 }, "end": { "line": 252, "column": 28 } },
      "252": { "start": { "line": 253, "column": 0 }, "end": { "line": 253, "column": 33 } },
      "253": { "start": { "line": 254, "column": 0 }, "end": { "line": 254, "column": 29 } },
      "254": { "start": { "line": 255, "column": 0 }, "end": { "line": 255, "column": 46 } },
      "255": { "start": { "line": 256, "column": 0 }, "end": { "line": 256, "column": 46 } },
      "256": { "start": { "line": 257, "column": 0 }, "end": { "line": 257, "column": 18 } },
      "257": { "start": { "line": 258, "column": 0 }, "end": { "line": 258, "column": 0 } },
      "258": { "start": { "line": 259, "column": 0 }, "end": { "line": 259, "column": 30 } },
      "259": { "start": { "line": 260, "column": 0 }, "end": { "line": 260, "column": 40 } },
      "260": { "start": { "line": 261, "column": 0 }, "end": { "line": 261, "column": 41 } },
      "261": { "start": { "line": 262, "column": 0 }, "end": { "line": 262, "column": 47 } },
      "262": { "start": { "line": 263, "column": 0 }, "end": { "line": 263, "column": 43 } },
      "263": { "start": { "line": 264, "column": 0 }, "end": { "line": 264, "column": 48 } },
      "264": { "start": { "line": 265, "column": 0 }, "end": { "line": 265, "column": 18 } },
      "265": { "start": { "line": 266, "column": 0 }, "end": { "line": 266, "column": 20 } },
      "266": { "start": { "line": 267, "column": 0 }, "end": { "line": 267, "column": 18 } },
      "267": { "start": { "line": 268, "column": 0 }, "end": { "line": 268, "column": 0 } },
      "268": { "start": { "line": 269, "column": 0 }, "end": { "line": 269, "column": 66 } },
      "269": { "start": { "line": 270, "column": 0 }, "end": { "line": 270, "column": 67 } },
      "270": { "start": { "line": 271, "column": 0 }, "end": { "line": 271, "column": 30 } },
      "271": { "start": { "line": 272, "column": 0 }, "end": { "line": 272, "column": 37 } },
      "272": { "start": { "line": 273, "column": 0 }, "end": { "line": 273, "column": 35 } },
      "273": { "start": { "line": 274, "column": 0 }, "end": { "line": 274, "column": 54 } },
      "274": { "start": { "line": 275, "column": 0 }, "end": { "line": 275, "column": 50 } },
      "275": { "start": { "line": 276, "column": 0 }, "end": { "line": 276, "column": 44 } },
      "276": { "start": { "line": 277, "column": 0 }, "end": { "line": 277, "column": 18 } },
      "277": { "start": { "line": 278, "column": 0 }, "end": { "line": 278, "column": 30 } },
      "278": { "start": { "line": 279, "column": 0 }, "end": { "line": 279, "column": 39 } },
      "279": { "start": { "line": 280, "column": 0 }, "end": { "line": 280, "column": 32 } },
      "280": { "start": { "line": 281, "column": 0 }, "end": { "line": 281, "column": 48 } },
      "281": { "start": { "line": 282, "column": 0 }, "end": { "line": 282, "column": 47 } },
      "282": { "start": { "line": 283, "column": 0 }, "end": { "line": 283, "column": 40 } },
      "283": { "start": { "line": 284, "column": 0 }, "end": { "line": 284, "column": 18 } },
      "284": { "start": { "line": 285, "column": 0 }, "end": { "line": 285, "column": 26 } },
      "285": { "start": { "line": 286, "column": 0 }, "end": { "line": 286, "column": 23 } },
      "286": { "start": { "line": 287, "column": 0 }, "end": { "line": 287, "column": 89 } },
      "287": { "start": { "line": 288, "column": 0 }, "end": { "line": 288, "column": 27 } },
      "288": { "start": { "line": 289, "column": 0 }, "end": { "line": 289, "column": 28 } },
      "289": { "start": { "line": 290, "column": 0 }, "end": { "line": 290, "column": 56 } },
      "290": { "start": { "line": 291, "column": 0 }, "end": { "line": 291, "column": 83 } },
      "291": { "start": { "line": 292, "column": 0 }, "end": { "line": 292, "column": 33 } },
      "292": { "start": { "line": 293, "column": 0 }, "end": { "line": 293, "column": 79 } },
      "293": { "start": { "line": 294, "column": 0 }, "end": { "line": 294, "column": 65 } },
      "294": { "start": { "line": 295, "column": 0 }, "end": { "line": 295, "column": 34 } },
      "295": { "start": { "line": 296, "column": 0 }, "end": { "line": 296, "column": 36 } },
      "296": { "start": { "line": 297, "column": 0 }, "end": { "line": 297, "column": 34 } },
      "297": { "start": { "line": 298, "column": 0 }, "end": { "line": 298, "column": 71 } },
      "298": { "start": { "line": 299, "column": 0 }, "end": { "line": 299, "column": 51 } },
      "299": { "start": { "line": 300, "column": 0 }, "end": { "line": 300, "column": 51 } },
      "300": { "start": { "line": 301, "column": 0 }, "end": { "line": 301, "column": 31 } },
      "301": { "start": { "line": 302, "column": 0 }, "end": { "line": 302, "column": 167 } },
      "302": { "start": { "line": 303, "column": 0 }, "end": { "line": 303, "column": 36 } },
      "303": { "start": { "line": 304, "column": 0 }, "end": { "line": 304, "column": 30 } },
      "304": { "start": { "line": 305, "column": 0 }, "end": { "line": 305, "column": 27 } },
      "305": { "start": { "line": 306, "column": 0 }, "end": { "line": 306, "column": 29 } },
      "306": { "start": { "line": 307, "column": 0 }, "end": { "line": 307, "column": 28 } },
      "307": { "start": { "line": 308, "column": 0 }, "end": { "line": 308, "column": 28 } },
      "308": { "start": { "line": 309, "column": 0 }, "end": { "line": 309, "column": 45 } },
      "309": { "start": { "line": 310, "column": 0 }, "end": { "line": 310, "column": 241 } },
      "310": { "start": { "line": 311, "column": 0 }, "end": { "line": 311, "column": 23 } },
      "311": { "start": { "line": 312, "column": 0 }, "end": { "line": 312, "column": 50 } },
      "312": { "start": { "line": 313, "column": 0 }, "end": { "line": 313, "column": 30 } },
      "313": { "start": { "line": 314, "column": 0 }, "end": { "line": 314, "column": 42 } },
      "314": { "start": { "line": 315, "column": 0 }, "end": { "line": 315, "column": 44 } },
      "315": { "start": { "line": 316, "column": 0 }, "end": { "line": 316, "column": 52 } },
      "316": { "start": { "line": 317, "column": 0 }, "end": { "line": 317, "column": 44 } },
      "317": { "start": { "line": 318, "column": 0 }, "end": { "line": 318, "column": 37 } },
      "318": { "start": { "line": 319, "column": 0 }, "end": { "line": 319, "column": 45 } },
      "319": { "start": { "line": 320, "column": 0 }, "end": { "line": 320, "column": 26 } },
      "320": { "start": { "line": 321, "column": 0 }, "end": { "line": 321, "column": 30 } },
      "321": { "start": { "line": 322, "column": 0 }, "end": { "line": 322, "column": 94 } },
      "322": { "start": { "line": 323, "column": 0 }, "end": { "line": 323, "column": 26 } },
      "323": { "start": { "line": 324, "column": 0 }, "end": { "line": 324, "column": 24 } },
      "324": { "start": { "line": 325, "column": 0 }, "end": { "line": 325, "column": 27 } },
      "325": { "start": { "line": 326, "column": 0 }, "end": { "line": 326, "column": 30 } },
      "326": { "start": { "line": 327, "column": 0 }, "end": { "line": 327, "column": 30 } },
      "327": { "start": { "line": 328, "column": 0 }, "end": { "line": 328, "column": 40 } },
      "328": { "start": { "line": 329, "column": 0 }, "end": { "line": 329, "column": 47 } },
      "329": { "start": { "line": 330, "column": 0 }, "end": { "line": 330, "column": 46 } },
      "330": { "start": { "line": 331, "column": 0 }, "end": { "line": 331, "column": 18 } },
      "331": { "start": { "line": 332, "column": 0 }, "end": { "line": 332, "column": 20 } },
      "332": { "start": { "line": 333, "column": 0 }, "end": { "line": 333, "column": 18 } },
      "333": { "start": { "line": 334, "column": 0 }, "end": { "line": 334, "column": 69 } },
      "334": { "start": { "line": 335, "column": 0 }, "end": { "line": 335, "column": 21 } },
      "335": { "start": { "line": 336, "column": 0 }, "end": { "line": 336, "column": 50 } },
      "336": { "start": { "line": 337, "column": 0 }, "end": { "line": 337, "column": 29 } },
      "337": { "start": { "line": 338, "column": 0 }, "end": { "line": 338, "column": 310 } },
      "338": { "start": { "line": 339, "column": 0 }, "end": { "line": 339, "column": 15 } },
      "339": { "start": { "line": 340, "column": 0 }, "end": { "line": 340, "column": 20 } },
      "340": { "start": { "line": 341, "column": 0 }, "end": { "line": 341, "column": 23 } },
      "341": { "start": { "line": 342, "column": 0 }, "end": { "line": 342, "column": 18 } },
      "342": { "start": { "line": 343, "column": 0 }, "end": { "line": 343, "column": 16 } },
      "343": { "start": { "line": 344, "column": 0 }, "end": { "line": 344, "column": 15 } },
      "344": { "start": { "line": 345, "column": 0 }, "end": { "line": 345, "column": 12 } },
      "345": { "start": { "line": 346, "column": 0 }, "end": { "line": 346, "column": 6 } },
      "346": { "start": { "line": 347, "column": 0 }, "end": { "line": 347, "column": 3 } },
      "347": { "start": { "line": 348, "column": 0 }, "end": { "line": 348, "column": 1 } },
      "348": { "start": { "line": 349, "column": 0 }, "end": { "line": 349, "column": 0 } },
      "349": { "start": { "line": 350, "column": 0 }, "end": { "line": 350, "column": 24 } }
    },
    "s": {
      "0": 1,
      "1": 1,
      "2": 1,
      "3": 1,
      "4": 1,
      "5": 1,
      "6": 1,
      "7": 1,
      "8": 1,
      "9": 1,
      "10": 1,
      "11": 1,
      "12": 1,
      "13": 1,
      "14": 1,
      "15": 1,
      "16": 1,
      "17": 1,
      "18": 1,
      "19": 1,
      "20": 1,
      "21": 1,
      "22": 1,
      "23": 1,
      "24": 1,
      "25": 1,
      "26": 1,
      "27": 1,
      "28": 1,
      "29": 1,
      "30": 1,
      "31": 1,
      "32": 1,
      "33": 1,
      "34": 1,
      "35": 1,
      "36": 1,
      "37": 1,
      "38": 3,
      "39": 3,
      "40": 3,
      "41": 3,
      "42": 3,
      "43": 3,
      "44": 3,
      "45": 3,
      "46": 3,
      "47": 3,
      "48": 3,
      "49": 3,
      "50": 3,
      "51": 3,
      "52": 3,
      "53": 3,
      "54": 3,
      "55": 3,
      "56": 3,
      "57": 3,
      "58": 3,
      "59": 3,
      "60": 3,
      "61": 1,
      "62": 1,
      "63": 2,
      "64": 10,
      "65": 10,
      "66": 10,
      "67": 10,
      "68": 2,
      "69": 2,
      "70": 6,
      "71": 6,
      "72": 6,
      "73": 6,
      "74": 2,
      "75": 2,
      "76": 2,
      "77": 2,
      "78": 2,
      "79": 2,
      "80": 2,
      "81": 2,
      "82": 2,
      "83": 2,
      "84": 2,
      "85": 2,
      "86": 2,
      "87": 2,
      "88": 2,
      "89": 2,
      "90": 2,
      "91": 2,
      "92": 2,
      "93": 2,
      "94": 2,
      "95": 2,
      "96": 2,
      "97": 2,
      "98": 0,
      "99": 0,
      "100": 2,
      "101": 2,
      "102": 2,
      "103": 2,
      "104": 1,
      "105": 1,
      "106": 1,
      "107": 1,
      "108": 1,
      "109": 2,
      "110": 0,
      "111": 0,
      "112": 2,
      "113": 2,
      "114": 2,
      "115": 2,
      "116": 0,
      "117": 0,
      "118": 2,
      "119": 2,
      "120": 2,
      "121": 2,
      "122": 1,
      "123": 1,
      "124": 1,
      "125": 1,
      "126": 1,
      "127": 2,
      "128": 1,
      "129": 1,
      "130": 1,
      "131": 1,
      "132": 1,
      "133": 2,
      "134": 1,
      "135": 1,
      "136": 1,
      "137": 1,
      "138": 1,
      "139": 1,
      "140": 2,
      "141": 1,
      "142": 1,
      "143": 1,
      "144": 1,
      "145": 1,
      "146": 2,
      "147": 2,
      "148": 1,
      "149": 1,
      "150": 2,
      "151": 2,
      "152": 1,
      "153": 1,
      "154": 2,
      "155": 2,
      "156": 2,
      "157": 1,
      "158": 1,
      "159": 1,
      "160": 1,
      "161": 1,
      "162": 1,
      "163": 1,
      "164": 1,
      "165": 1,
      "166": 1,
      "167": 1,
      "168": 1,
      "169": 1,
      "170": 1,
      "171": 1,
      "172": 1,
      "173": 1,
      "174": 1,
      "175": 1,
      "176": 1,
      "177": 1,
      "178": 1,
      "179": 2,
      "180": 2,
      "181": 8,
      "182": 1,
      "183": 1,
      "184": 8,
      "185": 2,
      "186": 2,
      "187": 4,
      "188": 4,
      "189": 2,
      "190": 2,
      "191": 2,
      "192": 2,
      "193": 2,
      "194": 2,
      "195": 2,
      "196": 2,
      "197": 2,
      "198": 2,
      "199": 2,
      "200": 2,
      "201": 2,
      "202": 2,
      "203": 2,
      "204": 2,
      "205": 2,
      "206": 2,
      "207": 2,
      "208": 2,
      "209": 2,
      "210": 1,
      "211": 1,
      "212": 1,
      "213": 1,
      "214": 1,
      "215": 1,
      "216": 1,
      "217": 1,
      "218": 1,
      "219": 1,
      "220": 1,
      "221": 1,
      "222": 0,
      "223": 0,
      "224": 1,
      "225": 1,
      "226": 1,
      "227": 1,
      "228": 8,
      "229": 8,
      "230": 8,
      "231": 8,
      "232": 8,
      "233": 8,
      "234": 8,
      "235": 8,
      "236": 8,
      "237": 8,
      "238": 8,
      "239": 8,
      "240": 8,
      "241": 8,
      "242": 8,
      "243": 8,
      "244": 8,
      "245": 8,
      "246": 8,
      "247": 8,
      "248": 8,
      "249": 8,
      "250": 8,
      "251": 8,
      "252": 8,
      "253": 8,
      "254": 8,
      "255": 8,
      "256": 8,
      "257": 8,
      "258": 8,
      "259": 8,
      "260": 8,
      "261": 8,
      "262": 8,
      "263": 8,
      "264": 8,
      "265": 8,
      "266": 8,
      "267": 8,
      "268": 8,
      "269": 8,
      "270": 8,
      "271": 8,
      "272": 8,
      "273": 8,
      "274": 8,
      "275": 8,
      "276": 8,
      "277": 8,
      "278": 8,
      "279": 8,
      "280": 8,
      "281": 8,
      "282": 8,
      "283": 8,
      "284": 8,
      "285": 8,
      "286": 8,
      "287": 8,
      "288": 8,
      "289": 8,
      "290": 8,
      "291": 8,
      "292": 8,
      "293": 2,
      "294": 8,
      "295": 6,
      "296": 6,
      "297": 6,
      "298": 6,
      "299": 6,
      "300": 6,
      "301": 6,
      "302": 6,
      "303": 6,
      "304": 6,
      "305": 8,
      "306": 8,
      "307": 8,
      "308": 8,
      "309": 8,
      "310": 8,
      "311": 8,
      "312": 8,
      "313": 8,
      "314": 8,
      "315": 8,
      "316": 8,
      "317": 8,
      "318": 8,
      "319": 8,
      "320": 8,
      "321": 8,
      "322": 8,
      "323": 8,
      "324": 8,
      "325": 8,
      "326": 8,
      "327": 8,
      "328": 8,
      "329": 8,
      "330": 8,
      "331": 8,
      "332": 8,
      "333": 8,
      "334": 8,
      "335": 8,
      "336": 8,
      "337": 8,
      "338": 8,
      "339": 8,
      "340": 8,
      "341": 8,
      "342": 8,
      "343": 8,
      "344": 8,
      "345": 8,
      "346": 8,
      "347": 1,
      "348": 1,
      "349": 1
    },
    "branchMap": {
      "0": {
        "type": "branch",
        "line": 38,
        "loc": { "start": { "line": 38, "column": 2 }, "end": { "line": 61, "column": 3 } },
        "locations": [{ "start": { "line": 38, "column": 2 }, "end": { "line": 61, "column": 3 } }]
      },
      "1": {
        "type": "branch",
        "line": 63,
        "loc": { "start": { "line": 63, "column": 2 }, "end": { "line": 226, "column": 4 } },
        "locations": [{ "start": { "line": 63, "column": 2 }, "end": { "line": 226, "column": 4 } }]
      },
      "2": {
        "type": "branch",
        "line": 64,
        "loc": { "start": { "line": 64, "column": 89 }, "end": { "line": 69, "column": 3 } },
        "locations": [{ "start": { "line": 64, "column": 89 }, "end": { "line": 69, "column": 3 } }]
      },
      "3": {
        "type": "branch",
        "line": 70,
        "loc": { "start": { "line": 70, "column": 60 }, "end": { "line": 75, "column": 3 } },
        "locations": [{ "start": { "line": 70, "column": 60 }, "end": { "line": 75, "column": 3 } }]
      },
      "4": {
        "type": "branch",
        "line": 86,
        "loc": { "start": { "line": 86, "column": 17 }, "end": { "line": 155, "column": 4 } },
        "locations": [
          { "start": { "line": 86, "column": 17 }, "end": { "line": 155, "column": 4 } }
        ]
      },
      "5": {
        "type": "branch",
        "line": 98,
        "loc": { "start": { "line": 98, "column": 26 }, "end": { "line": 101, "column": 11 } },
        "locations": [
          { "start": { "line": 98, "column": 26 }, "end": { "line": 101, "column": 11 } }
        ]
      },
      "6": {
        "type": "branch",
        "line": 104,
        "loc": { "start": { "line": 104, "column": 26 }, "end": { "line": 109, "column": 5 } },
        "locations": [
          { "start": { "line": 104, "column": 26 }, "end": { "line": 109, "column": 5 } }
        ]
      },
      "7": {
        "type": "branch",
        "line": 110,
        "loc": { "start": { "line": 110, "column": 49 }, "end": { "line": 113, "column": 11 } },
        "locations": [
          { "start": { "line": 110, "column": 49 }, "end": { "line": 113, "column": 11 } }
        ]
      },
      "8": {
        "type": "branch",
        "line": 116,
        "loc": { "start": { "line": 116, "column": 57 }, "end": { "line": 119, "column": 11 } },
        "locations": [
          { "start": { "line": 116, "column": 57 }, "end": { "line": 119, "column": 11 } }
        ]
      },
      "9": {
        "type": "branch",
        "line": 122,
        "loc": { "start": { "line": 122, "column": 53 }, "end": { "line": 127, "column": 5 } },
        "locations": [
          { "start": { "line": 122, "column": 53 }, "end": { "line": 127, "column": 5 } }
        ]
      },
      "10": {
        "type": "branch",
        "line": 128,
        "loc": { "start": { "line": 128, "column": 55 }, "end": { "line": 133, "column": 5 } },
        "locations": [
          { "start": { "line": 128, "column": 55 }, "end": { "line": 133, "column": 5 } }
        ]
      },
      "11": {
        "type": "branch",
        "line": 134,
        "loc": { "start": { "line": 134, "column": 21 }, "end": { "line": 140, "column": 5 } },
        "locations": [
          { "start": { "line": 134, "column": 21 }, "end": { "line": 140, "column": 5 } }
        ]
      },
      "12": {
        "type": "branch",
        "line": 141,
        "loc": { "start": { "line": 141, "column": 16 }, "end": { "line": 146, "column": 5 } },
        "locations": [
          { "start": { "line": 141, "column": 16 }, "end": { "line": 146, "column": 5 } }
        ]
      },
      "13": {
        "type": "branch",
        "line": 148,
        "loc": { "start": { "line": 148, "column": 18 }, "end": { "line": 150, "column": 5 } },
        "locations": [
          { "start": { "line": 148, "column": 18 }, "end": { "line": 150, "column": 5 } }
        ]
      },
      "14": {
        "type": "branch",
        "line": 152,
        "loc": { "start": { "line": 152, "column": 17 }, "end": { "line": 154, "column": 5 } },
        "locations": [
          { "start": { "line": 152, "column": 17 }, "end": { "line": 154, "column": 5 } }
        ]
      },
      "15": {
        "type": "branch",
        "line": 157,
        "loc": { "start": { "line": 157, "column": 2 }, "end": { "line": 179, "column": 3 } },
        "locations": [
          { "start": { "line": 157, "column": 2 }, "end": { "line": 179, "column": 3 } }
        ]
      },
      "16": {
        "type": "branch",
        "line": 181,
        "loc": { "start": { "line": 181, "column": 15 }, "end": { "line": 185, "column": 4 } },
        "locations": [
          { "start": { "line": 181, "column": 15 }, "end": { "line": 185, "column": 4 } }
        ]
      },
      "17": {
        "type": "branch",
        "line": 182,
        "loc": { "start": { "line": 182, "column": 33 }, "end": { "line": 184, "column": 5 } },
        "locations": [
          { "start": { "line": 182, "column": 33 }, "end": { "line": 184, "column": 5 } }
        ]
      },
      "18": {
        "type": "branch",
        "line": 187,
        "loc": { "start": { "line": 187, "column": 21 }, "end": { "line": 189, "column": 4 } },
        "locations": [
          { "start": { "line": 187, "column": 21 }, "end": { "line": 189, "column": 4 } }
        ]
      },
      "19": {
        "type": "branch",
        "line": 188,
        "loc": { "start": { "line": 188, "column": 22 }, "end": { "line": 188, "column": 57 } },
        "locations": [
          { "start": { "line": 188, "column": 22 }, "end": { "line": 188, "column": 57 } }
        ]
      },
      "20": {
        "type": "branch",
        "line": 188,
        "loc": { "start": { "line": 188, "column": 63 }, "end": { "line": 188, "column": 78 } },
        "locations": [
          { "start": { "line": 188, "column": 63 }, "end": { "line": 188, "column": 78 } }
        ]
      },
      "21": {
        "type": "branch",
        "line": 191,
        "loc": { "start": { "line": 191, "column": 17 }, "end": { "line": 208, "column": 4 } },
        "locations": [
          { "start": { "line": 191, "column": 17 }, "end": { "line": 208, "column": 4 } }
        ]
      },
      "22": {
        "type": "branch",
        "line": 204,
        "loc": { "start": { "line": 204, "column": 6 }, "end": { "line": 206, "column": 7 } },
        "locations": [
          { "start": { "line": 204, "column": 6 }, "end": { "line": 206, "column": 7 } }
        ]
      },
      "23": {
        "type": "branch",
        "line": 210,
        "loc": { "start": { "line": 210, "column": 15 }, "end": { "line": 226, "column": 4 } },
        "locations": [
          { "start": { "line": 210, "column": 15 }, "end": { "line": 226, "column": 4 } }
        ]
      },
      "24": {
        "type": "branch",
        "line": 222,
        "loc": { "start": { "line": 222, "column": 6 }, "end": { "line": 224, "column": 7 } },
        "locations": [
          { "start": { "line": 222, "column": 6 }, "end": { "line": 224, "column": 7 } }
        ]
      },
      "25": {
        "type": "branch",
        "line": 228,
        "loc": { "start": { "line": 228, "column": 2 }, "end": { "line": 347, "column": 3 } },
        "locations": [
          { "start": { "line": 228, "column": 2 }, "end": { "line": 347, "column": 3 } }
        ]
      },
      "26": {
        "type": "branch",
        "line": 292,
        "loc": { "start": { "line": 292, "column": 26 }, "end": { "line": 306, "column": 27 } },
        "locations": [
          { "start": { "line": 292, "column": 26 }, "end": { "line": 306, "column": 27 } }
        ]
      },
      "27": {
        "type": "branch",
        "line": 293,
        "loc": { "start": { "line": 293, "column": 41 }, "end": { "line": 293, "column": 78 } },
        "locations": [
          { "start": { "line": 293, "column": 41 }, "end": { "line": 293, "column": 78 } }
        ]
      },
      "28": {
        "type": "branch",
        "line": 293,
        "loc": { "start": { "line": 293, "column": 78 }, "end": { "line": 295, "column": 33 } },
        "locations": [
          { "start": { "line": 293, "column": 78 }, "end": { "line": 295, "column": 33 } }
        ]
      },
      "29": {
        "type": "branch",
        "line": 295,
        "loc": { "start": { "line": 295, "column": 26 }, "end": { "line": 305, "column": 27 } },
        "locations": [
          { "start": { "line": 295, "column": 26 }, "end": { "line": 305, "column": 27 } }
        ]
      }
    },
    "b": {
      "0": [3],
      "1": [2],
      "2": [10],
      "3": [6],
      "4": [2],
      "5": [0],
      "6": [1],
      "7": [0],
      "8": [0],
      "9": [1],
      "10": [1],
      "11": [1],
      "12": [1],
      "13": [1],
      "14": [1],
      "15": [1],
      "16": [8],
      "17": [1],
      "18": [4],
      "19": [16],
      "20": [3],
      "21": [2],
      "22": [2],
      "23": [1],
      "24": [0],
      "25": [8],
      "26": [8],
      "27": [2],
      "28": [2],
      "29": [6]
    },
    "fnMap": {
      "0": {
        "name": "CardForm",
        "decl": { "start": { "line": 38, "column": 2 }, "end": { "line": 61, "column": 3 } },
        "loc": { "start": { "line": 38, "column": 2 }, "end": { "line": 61, "column": 3 } },
        "line": 38
      },
      "1": {
        "name": "<instance_members_initializer>",
        "decl": { "start": { "line": 63, "column": 2 }, "end": { "line": 226, "column": 4 } },
        "loc": { "start": { "line": 63, "column": 2 }, "end": { "line": 226, "column": 4 } },
        "line": 63
      },
      "2": {
        "name": "validateForm",
        "decl": { "start": { "line": 86, "column": 17 }, "end": { "line": 155, "column": 4 } },
        "loc": { "start": { "line": 86, "column": 17 }, "end": { "line": 155, "column": 4 } },
        "line": 86
      },
      "3": {
        "name": "addCard",
        "decl": { "start": { "line": 157, "column": 2 }, "end": { "line": 179, "column": 3 } },
        "loc": { "start": { "line": 157, "column": 2 }, "end": { "line": 179, "column": 3 } },
        "line": 157
      },
      "4": {
        "name": "handleBlur",
        "decl": { "start": { "line": 181, "column": 15 }, "end": { "line": 185, "column": 4 } },
        "loc": { "start": { "line": 181, "column": 15 }, "end": { "line": 185, "column": 4 } },
        "line": 181
      },
      "5": {
        "name": "getCheckedValues",
        "decl": { "start": { "line": 187, "column": 21 }, "end": { "line": 189, "column": 4 } },
        "loc": { "start": { "line": 187, "column": 21 }, "end": { "line": 189, "column": 4 } },
        "line": 187
      },
      "6": {
        "name": "handleSubmit",
        "decl": { "start": { "line": 191, "column": 17 }, "end": { "line": 208, "column": 4 } },
        "loc": { "start": { "line": 191, "column": 17 }, "end": { "line": 208, "column": 4 } },
        "line": 191
      },
      "7": {
        "name": "handleFile",
        "decl": { "start": { "line": 210, "column": 15 }, "end": { "line": 226, "column": 4 } },
        "loc": { "start": { "line": 210, "column": 15 }, "end": { "line": 226, "column": 4 } },
        "line": 210
      },
      "8": {
        "name": "render",
        "decl": { "start": { "line": 228, "column": 2 }, "end": { "line": 347, "column": 3 } },
        "loc": { "start": { "line": 228, "column": 2 }, "end": { "line": 347, "column": 3 } },
        "line": 228
      }
    },
    "f": { "0": 3, "1": 2, "2": 2, "3": 1, "4": 8, "5": 4, "6": 2, "7": 1, "8": 8 }
  },
  "/home/terra/repo/2023q1/React-RSS/src/components/cards/Cards.tsx": {
    "path": "/home/terra/repo/2023q1/React-RSS/src/components/cards/Cards.tsx",
    "all": false,
    "statementMap": {
      "0": { "start": { "line": 1, "column": 0 }, "end": { "line": 1, "column": 26 } },
      "1": { "start": { "line": 2, "column": 0 }, "end": { "line": 2, "column": 33 } },
      "2": { "start": { "line": 3, "column": 0 }, "end": { "line": 3, "column": 37 } },
      "3": { "start": { "line": 4, "column": 0 }, "end": { "line": 4, "column": 0 } },
      "4": { "start": { "line": 5, "column": 0 }, "end": { "line": 5, "column": 37 } },
      "5": { "start": { "line": 6, "column": 0 }, "end": { "line": 6, "column": 18 } },
      "6": { "start": { "line": 7, "column": 0 }, "end": { "line": 7, "column": 25 } },
      "7": { "start": { "line": 8, "column": 0 }, "end": { "line": 8, "column": 4 } },
      "8": { "start": { "line": 9, "column": 0 }, "end": { "line": 9, "column": 22 } },
      "9": { "start": { "line": 10, "column": 0 }, "end": { "line": 10, "column": 17 } },
      "10": { "start": { "line": 11, "column": 0 }, "end": { "line": 11, "column": 3 } },
      "11": { "start": { "line": 12, "column": 0 }, "end": { "line": 12, "column": 0 } },
      "12": { "start": { "line": 13, "column": 0 }, "end": { "line": 13, "column": 12 } },
      "13": { "start": { "line": 14, "column": 0 }, "end": { "line": 14, "column": 39 } },
      "14": { "start": { "line": 15, "column": 0 }, "end": { "line": 15, "column": 12 } },
      "15": { "start": { "line": 16, "column": 0 }, "end": { "line": 16, "column": 90 } },
      "16": { "start": { "line": 17, "column": 0 }, "end": { "line": 17, "column": 45 } },
      "17": { "start": { "line": 18, "column": 0 }, "end": { "line": 18, "column": 115 } },
      "18": { "start": { "line": 19, "column": 0 }, "end": { "line": 19, "column": 34 } },
      "19": { "start": { "line": 20, "column": 0 }, "end": { "line": 20, "column": 41 } },
      "20": { "start": { "line": 21, "column": 0 }, "end": { "line": 21, "column": 22 } },
      "21": { "start": { "line": 22, "column": 0 }, "end": { "line": 22, "column": 69 } },
      "22": { "start": { "line": 23, "column": 0 }, "end": { "line": 23, "column": 39 } },
      "23": { "start": { "line": 24, "column": 0 }, "end": { "line": 24, "column": 22 } },
      "24": { "start": { "line": 25, "column": 0 }, "end": { "line": 25, "column": 16 } },
      "25": { "start": { "line": 26, "column": 0 }, "end": { "line": 26, "column": 13 } },
      "26": { "start": { "line": 27, "column": 0 }, "end": { "line": 27, "column": 13 } },
      "27": { "start": { "line": 28, "column": 0 }, "end": { "line": 28, "column": 14 } },
      "28": { "start": { "line": 29, "column": 0 }, "end": { "line": 29, "column": 12 } },
      "29": { "start": { "line": 30, "column": 0 }, "end": { "line": 30, "column": 6 } },
      "30": { "start": { "line": 31, "column": 0 }, "end": { "line": 31, "column": 3 } },
      "31": { "start": { "line": 32, "column": 0 }, "end": { "line": 32, "column": 1 } },
      "32": { "start": { "line": 33, "column": 0 }, "end": { "line": 33, "column": 0 } },
      "33": { "start": { "line": 34, "column": 0 }, "end": { "line": 34, "column": 21 } }
    },
    "s": {
      "0": 1,
      "1": 1,
      "2": 1,
      "3": 1,
      "4": 1,
      "5": 1,
      "6": 1,
      "7": 1,
      "8": 1,
      "9": 5,
      "10": 5,
      "11": 1,
      "12": 1,
      "13": 4,
      "14": 4,
      "15": 4,
      "16": 4,
      "17": 4,
      "18": 4,
      "19": 0,
      "20": 0,
      "21": 0,
      "22": 0,
      "23": 0,
      "24": 0,
      "25": 0,
      "26": 4,
      "27": 4,
      "28": 4,
      "29": 4,
      "30": 4,
      "31": 1,
      "32": 1,
      "33": 1
    },
    "branchMap": {
      "0": {
        "type": "branch",
        "line": 9,
        "loc": { "start": { "line": 9, "column": 2 }, "end": { "line": 11, "column": 3 } },
        "locations": [{ "start": { "line": 9, "column": 2 }, "end": { "line": 11, "column": 3 } }]
      },
      "1": {
        "type": "branch",
        "line": 13,
        "loc": { "start": { "line": 13, "column": 2 }, "end": { "line": 31, "column": 3 } },
        "locations": [{ "start": { "line": 13, "column": 2 }, "end": { "line": 31, "column": 3 } }]
      }
    },
    "b": { "0": [5], "1": [4] },
    "fnMap": {
      "0": {
        "name": "Cards",
        "decl": { "start": { "line": 9, "column": 2 }, "end": { "line": 11, "column": 3 } },
        "loc": { "start": { "line": 9, "column": 2 }, "end": { "line": 11, "column": 3 } },
        "line": 9
      },
      "1": {
        "name": "render",
        "decl": { "start": { "line": 13, "column": 2 }, "end": { "line": 31, "column": 3 } },
        "loc": { "start": { "line": 13, "column": 2 }, "end": { "line": 31, "column": 3 } },
        "line": 13
      }
    },
    "f": { "0": 5, "1": 4 }
  },
  "/home/terra/repo/2023q1/React-RSS/src/components/formElements/inputCheckBox.tsx": {
    "path": "/home/terra/repo/2023q1/React-RSS/src/components/formElements/inputCheckBox.tsx",
    "all": false,
    "statementMap": {
      "0": { "start": { "line": 1, "column": 0 }, "end": { "line": 1, "column": 26 } },
      "1": { "start": { "line": 2, "column": 0 }, "end": { "line": 2, "column": 0 } },
      "2": { "start": { "line": 3, "column": 0 }, "end": { "line": 3, "column": 24 } },
      "3": { "start": { "line": 4, "column": 0 }, "end": { "line": 4, "column": 15 } },
      "4": { "start": { "line": 5, "column": 0 }, "end": { "line": 5, "column": 16 } },
      "5": { "start": { "line": 6, "column": 0 }, "end": { "line": 6, "column": 17 } },
      "6": { "start": { "line": 7, "column": 0 }, "end": { "line": 7, "column": 45 } },
      "7": { "start": { "line": 8, "column": 0 }, "end": { "line": 8, "column": 1 } },
      "8": { "start": { "line": 9, "column": 0 }, "end": { "line": 9, "column": 0 } },
      "9": { "start": { "line": 10, "column": 0 }, "end": { "line": 10, "column": 17 } },
      "10": { "start": { "line": 11, "column": 0 }, "end": { "line": 11, "column": 13 } },
      "11": { "start": { "line": 12, "column": 0 }, "end": { "line": 12, "column": 1 } },
      "12": { "start": { "line": 13, "column": 0 }, "end": { "line": 13, "column": 0 } },
      "13": { "start": { "line": 14, "column": 0 }, "end": { "line": 14, "column": 59 } },
      "14": { "start": { "line": 15, "column": 0 }, "end": { "line": 15, "column": 29 } },
      "15": { "start": { "line": 16, "column": 0 }, "end": { "line": 16, "column": 17 } },
      "16": { "start": { "line": 17, "column": 0 }, "end": { "line": 17, "column": 18 } },
      "17": { "start": { "line": 18, "column": 0 }, "end": { "line": 18, "column": 61 } },
      "18": { "start": { "line": 19, "column": 0 }, "end": { "line": 19, "column": 6 } },
      "19": { "start": { "line": 20, "column": 0 }, "end": { "line": 20, "column": 3 } },
      "20": { "start": { "line": 21, "column": 0 }, "end": { "line": 21, "column": 0 } },
      "21": { "start": { "line": 22, "column": 0 }, "end": { "line": 22, "column": 12 } },
      "22": { "start": { "line": 23, "column": 0 }, "end": { "line": 23, "column": 12 } },
      "23": { "start": { "line": 24, "column": 0 }, "end": { "line": 24, "column": 28 } },
      "24": { "start": { "line": 25, "column": 0 }, "end": { "line": 25, "column": 65 } },
      "25": { "start": { "line": 26, "column": 0 }, "end": { "line": 26, "column": 16 } },
      "26": { "start": { "line": 27, "column": 0 }, "end": { "line": 27, "column": 30 } },
      "27": { "start": { "line": 28, "column": 0 }, "end": { "line": 28, "column": 36 } },
      "28": { "start": { "line": 29, "column": 0 }, "end": { "line": 29, "column": 32 } },
      "29": { "start": { "line": 30, "column": 0 }, "end": { "line": 30, "column": 27 } },
      "30": { "start": { "line": 31, "column": 0 }, "end": { "line": 31, "column": 106 } },
      "31": { "start": { "line": 32, "column": 0 }, "end": { "line": 32, "column": 12 } },
      "32": { "start": { "line": 33, "column": 0 }, "end": { "line": 33, "column": 84 } },
      "33": { "start": { "line": 34, "column": 0 }, "end": { "line": 34, "column": 65 } },
      "34": { "start": { "line": 35, "column": 0 }, "end": { "line": 35, "column": 18 } },
      "35": { "start": { "line": 36, "column": 0 }, "end": { "line": 36, "column": 14 } },
      "36": { "start": { "line": 37, "column": 0 }, "end": { "line": 37, "column": 76 } },
      "37": { "start": { "line": 38, "column": 0 }, "end": { "line": 38, "column": 12 } },
      "38": { "start": { "line": 39, "column": 0 }, "end": { "line": 39, "column": 6 } },
      "39": { "start": { "line": 40, "column": 0 }, "end": { "line": 40, "column": 3 } },
      "40": { "start": { "line": 41, "column": 0 }, "end": { "line": 41, "column": 1 } },
      "41": { "start": { "line": 42, "column": 0 }, "end": { "line": 42, "column": 29 } }
    },
    "s": {
      "0": 1,
      "1": 1,
      "2": 1,
      "3": 1,
      "4": 1,
      "5": 1,
      "6": 1,
      "7": 1,
      "8": 1,
      "9": 1,
      "10": 1,
      "11": 1,
      "12": 1,
      "13": 1,
      "14": 1,
      "15": 5,
      "16": 5,
      "17": 5,
      "18": 5,
      "19": 5,
      "20": 1,
      "21": 1,
      "22": 11,
      "23": 11,
      "24": 11,
      "25": 11,
      "26": 11,
      "27": 11,
      "28": 11,
      "29": 11,
      "30": 11,
      "31": 11,
      "32": 11,
      "33": 11,
      "34": 11,
      "35": 11,
      "36": 11,
      "37": 11,
      "38": 11,
      "39": 11,
      "40": 1,
      "41": 1
    },
    "branchMap": {
      "0": {
        "type": "branch",
        "line": 15,
        "loc": { "start": { "line": 15, "column": 2 }, "end": { "line": 20, "column": 3 } },
        "locations": [{ "start": { "line": 15, "column": 2 }, "end": { "line": 20, "column": 3 } }]
      },
      "1": {
        "type": "branch",
        "line": 22,
        "loc": { "start": { "line": 22, "column": 2 }, "end": { "line": 40, "column": 3 } },
        "locations": [{ "start": { "line": 22, "column": 2 }, "end": { "line": 40, "column": 3 } }]
      },
      "2": {
        "type": "branch",
        "line": 34,
        "loc": { "start": { "line": 34, "column": 42 }, "end": { "line": 34, "column": 65 } },
        "locations": [
          { "start": { "line": 34, "column": 42 }, "end": { "line": 34, "column": 65 } }
        ]
      }
    },
    "b": { "0": [5], "1": [11], "2": [0] },
    "fnMap": {
      "0": {
        "name": "InputCheckBox",
        "decl": { "start": { "line": 15, "column": 2 }, "end": { "line": 20, "column": 3 } },
        "loc": { "start": { "line": 15, "column": 2 }, "end": { "line": 20, "column": 3 } },
        "line": 15
      },
      "1": {
        "name": "render",
        "decl": { "start": { "line": 22, "column": 2 }, "end": { "line": 40, "column": 3 } },
        "loc": { "start": { "line": 22, "column": 2 }, "end": { "line": 40, "column": 3 } },
        "line": 22
      }
    },
    "f": { "0": 5, "1": 11 }
  },
  "/home/terra/repo/2023q1/React-RSS/src/components/formElements/inputMultyple.tsx": {
    "path": "/home/terra/repo/2023q1/React-RSS/src/components/formElements/inputMultyple.tsx",
    "all": false,
    "statementMap": {
      "0": { "start": { "line": 1, "column": 0 }, "end": { "line": 1, "column": 26 } },
      "1": { "start": { "line": 2, "column": 0 }, "end": { "line": 2, "column": 0 } },
      "2": { "start": { "line": 3, "column": 0 }, "end": { "line": 3, "column": 24 } },
      "3": { "start": { "line": 4, "column": 0 }, "end": { "line": 4, "column": 15 } },
      "4": { "start": { "line": 5, "column": 0 }, "end": { "line": 5, "column": 15 } },
      "5": { "start": { "line": 6, "column": 0 }, "end": { "line": 6, "column": 16 } },
      "6": { "start": { "line": 7, "column": 0 }, "end": { "line": 7, "column": 17 } },
      "7": { "start": { "line": 8, "column": 0 }, "end": { "line": 8, "column": 16 } },
      "8": { "start": { "line": 9, "column": 0 }, "end": { "line": 9, "column": 17 } },
      "9": { "start": { "line": 10, "column": 0 }, "end": { "line": 10, "column": 47 } },
      "10": { "start": { "line": 11, "column": 0 }, "end": { "line": 11, "column": 5 } },
      "11": { "start": { "line": 12, "column": 0 }, "end": { "line": 12, "column": 1 } },
      "12": { "start": { "line": 13, "column": 0 }, "end": { "line": 13, "column": 0 } },
      "13": { "start": { "line": 14, "column": 0 }, "end": { "line": 14, "column": 52 } },
      "14": { "start": { "line": 15, "column": 0 }, "end": { "line": 15, "column": 29 } },
      "15": { "start": { "line": 16, "column": 0 }, "end": { "line": 16, "column": 17 } },
      "16": { "start": { "line": 17, "column": 0 }, "end": { "line": 17, "column": 3 } },
      "17": { "start": { "line": 18, "column": 0 }, "end": { "line": 18, "column": 0 } },
      "18": { "start": { "line": 19, "column": 0 }, "end": { "line": 19, "column": 12 } },
      "19": { "start": { "line": 20, "column": 0 }, "end": { "line": 20, "column": 12 } },
      "20": { "start": { "line": 21, "column": 0 }, "end": { "line": 21, "column": 16 } },
      "21": { "start": { "line": 22, "column": 0 }, "end": { "line": 22, "column": 83 } },
      "22": { "start": { "line": 23, "column": 0 }, "end": { "line": 23, "column": 27 } },
      "23": { "start": { "line": 24, "column": 0 }, "end": { "line": 24, "column": 17 } },
      "24": { "start": { "line": 25, "column": 0 }, "end": { "line": 25, "column": 76 } },
      "25": { "start": { "line": 26, "column": 0 }, "end": { "line": 26, "column": 30 } },
      "26": { "start": { "line": 27, "column": 0 }, "end": { "line": 27, "column": 44 } },
      "27": { "start": { "line": 28, "column": 0 }, "end": { "line": 28, "column": 66 } },
      "28": { "start": { "line": 29, "column": 0 }, "end": { "line": 29, "column": 20 } },
      "29": { "start": { "line": 30, "column": 0 }, "end": { "line": 30, "column": 89 } },
      "30": { "start": { "line": 31, "column": 0 }, "end": { "line": 31, "column": 22 } },
      "31": { "start": { "line": 32, "column": 0 }, "end": { "line": 32, "column": 25 } },
      "32": { "start": { "line": 33, "column": 0 }, "end": { "line": 33, "column": 34 } },
      "33": { "start": { "line": 34, "column": 0 }, "end": { "line": 34, "column": 40 } },
      "34": { "start": { "line": 35, "column": 0 }, "end": { "line": 35, "column": 40 } },
      "35": { "start": { "line": 36, "column": 0 }, "end": { "line": 36, "column": 33 } },
      "36": { "start": { "line": 37, "column": 0 }, "end": { "line": 37, "column": 29 } },
      "37": { "start": { "line": 38, "column": 0 }, "end": { "line": 38, "column": 72 } },
      "38": { "start": { "line": 39, "column": 0 }, "end": { "line": 39, "column": 96 } },
      "39": { "start": { "line": 40, "column": 0 }, "end": { "line": 40, "column": 19 } },
      "40": { "start": { "line": 41, "column": 0 }, "end": { "line": 41, "column": 18 } },
      "41": { "start": { "line": 42, "column": 0 }, "end": { "line": 42, "column": 79 } },
      "42": { "start": { "line": 43, "column": 0 }, "end": { "line": 43, "column": 27 } },
      "43": { "start": { "line": 44, "column": 0 }, "end": { "line": 44, "column": 24 } },
      "44": { "start": { "line": 45, "column": 0 }, "end": { "line": 45, "column": 20 } },
      "45": { "start": { "line": 46, "column": 0 }, "end": { "line": 46, "column": 14 } },
      "46": { "start": { "line": 47, "column": 0 }, "end": { "line": 47, "column": 13 } },
      "47": { "start": { "line": 48, "column": 0 }, "end": { "line": 48, "column": 14 } },
      "48": { "start": { "line": 49, "column": 0 }, "end": { "line": 49, "column": 17 } },
      "49": { "start": { "line": 50, "column": 0 }, "end": { "line": 50, "column": 6 } },
      "50": { "start": { "line": 51, "column": 0 }, "end": { "line": 51, "column": 3 } },
      "51": { "start": { "line": 52, "column": 0 }, "end": { "line": 52, "column": 1 } },
      "52": { "start": { "line": 53, "column": 0 }, "end": { "line": 53, "column": 29 } }
    },
    "s": {
      "0": 1,
      "1": 1,
      "2": 1,
      "3": 1,
      "4": 1,
      "5": 1,
      "6": 1,
      "7": 1,
      "8": 1,
      "9": 1,
      "10": 1,
      "11": 1,
      "12": 1,
      "13": 1,
      "14": 1,
      "15": 7,
      "16": 7,
      "17": 1,
      "18": 1,
      "19": 19,
      "20": 19,
      "21": 19,
      "22": 19,
      "23": 19,
      "24": 19,
      "25": 19,
      "26": 19,
      "27": 73,
      "28": 73,
      "29": 73,
      "30": 73,
      "31": 73,
      "32": 73,
      "33": 73,
      "34": 73,
      "35": 73,
      "36": 73,
      "37": 73,
      "38": 73,
      "39": 73,
      "40": 73,
      "41": 73,
      "42": 73,
      "43": 73,
      "44": 73,
      "45": 73,
      "46": 19,
      "47": 19,
      "48": 19,
      "49": 19,
      "50": 19,
      "51": 1,
      "52": 1
    },
    "branchMap": {
      "0": {
        "type": "branch",
        "line": 15,
        "loc": { "start": { "line": 15, "column": 2 }, "end": { "line": 17, "column": 3 } },
        "locations": [{ "start": { "line": 15, "column": 2 }, "end": { "line": 17, "column": 3 } }]
      },
      "1": {
        "type": "branch",
        "line": 19,
        "loc": { "start": { "line": 19, "column": 2 }, "end": { "line": 51, "column": 3 } },
        "locations": [{ "start": { "line": 19, "column": 2 }, "end": { "line": 51, "column": 3 } }]
      },
      "2": {
        "type": "branch",
        "line": 27,
        "loc": { "start": { "line": 27, "column": 32 }, "end": { "line": 47, "column": 11 } },
        "locations": [
          { "start": { "line": 27, "column": 32 }, "end": { "line": 47, "column": 11 } }
        ]
      },
      "3": {
        "type": "branch",
        "line": 38,
        "loc": { "start": { "line": 38, "column": 41 }, "end": { "line": 38, "column": 67 } },
        "locations": [
          { "start": { "line": 38, "column": 41 }, "end": { "line": 38, "column": 67 } }
        ]
      },
      "4": {
        "type": "branch",
        "line": 38,
        "loc": { "start": { "line": 38, "column": 54 }, "end": { "line": 38, "column": 72 } },
        "locations": [
          { "start": { "line": 38, "column": 54 }, "end": { "line": 38, "column": 72 } }
        ]
      }
    },
    "b": { "0": [7], "1": [19], "2": [73], "3": [46], "4": [27] },
    "fnMap": {
      "0": {
        "name": "InputMultyple",
        "decl": { "start": { "line": 15, "column": 2 }, "end": { "line": 17, "column": 3 } },
        "loc": { "start": { "line": 15, "column": 2 }, "end": { "line": 17, "column": 3 } },
        "line": 15
      },
      "1": {
        "name": "render",
        "decl": { "start": { "line": 19, "column": 2 }, "end": { "line": 51, "column": 3 } },
        "loc": { "start": { "line": 19, "column": 2 }, "end": { "line": 51, "column": 3 } },
        "line": 19
      }
    },
    "f": { "0": 7, "1": 19 }
  },
  "/home/terra/repo/2023q1/React-RSS/src/components/formElements/inputString.tsx": {
    "path": "/home/terra/repo/2023q1/React-RSS/src/components/formElements/inputString.tsx",
    "all": false,
    "statementMap": {
      "0": { "start": { "line": 1, "column": 0 }, "end": { "line": 1, "column": 26 } },
      "1": { "start": { "line": 2, "column": 0 }, "end": { "line": 2, "column": 0 } },
      "2": { "start": { "line": 3, "column": 0 }, "end": { "line": 3, "column": 17 } },
      "3": { "start": { "line": 4, "column": 0 }, "end": { "line": 4, "column": 15 } },
      "4": { "start": { "line": 5, "column": 0 }, "end": { "line": 5, "column": 15 } },
      "5": { "start": { "line": 6, "column": 0 }, "end": { "line": 6, "column": 17 } },
      "6": { "start": { "line": 7, "column": 0 }, "end": { "line": 7, "column": 84 } },
      "7": { "start": { "line": 8, "column": 0 }, "end": { "line": 8, "column": 1 } },
      "8": { "start": { "line": 9, "column": 0 }, "end": { "line": 9, "column": 0 } },
      "9": { "start": { "line": 10, "column": 0 }, "end": { "line": 10, "column": 17 } },
      "10": { "start": { "line": 11, "column": 0 }, "end": { "line": 11, "column": 13 } },
      "11": { "start": { "line": 12, "column": 0 }, "end": { "line": 12, "column": 1 } },
      "12": { "start": { "line": 13, "column": 0 }, "end": { "line": 13, "column": 0 } },
      "13": { "start": { "line": 14, "column": 0 }, "end": { "line": 14, "column": 57 } },
      "14": { "start": { "line": 15, "column": 0 }, "end": { "line": 15, "column": 29 } },
      "15": { "start": { "line": 16, "column": 0 }, "end": { "line": 16, "column": 17 } },
      "16": { "start": { "line": 17, "column": 0 }, "end": { "line": 17, "column": 18 } },
      "17": { "start": { "line": 18, "column": 0 }, "end": { "line": 18, "column": 61 } },
      "18": { "start": { "line": 19, "column": 0 }, "end": { "line": 19, "column": 6 } },
      "19": { "start": { "line": 20, "column": 0 }, "end": { "line": 20, "column": 3 } },
      "20": { "start": { "line": 21, "column": 0 }, "end": { "line": 21, "column": 0 } },
      "21": { "start": { "line": 22, "column": 0 }, "end": { "line": 22, "column": 12 } },
      "22": { "start": { "line": 23, "column": 0 }, "end": { "line": 23, "column": 12 } },
      "23": { "start": { "line": 24, "column": 0 }, "end": { "line": 24, "column": 48 } },
      "24": { "start": { "line": 25, "column": 0 }, "end": { "line": 25, "column": 14 } },
      "25": { "start": { "line": 26, "column": 0 }, "end": { "line": 26, "column": 33 } },
      "26": { "start": { "line": 27, "column": 0 }, "end": { "line": 27, "column": 71 } },
      "27": { "start": { "line": 28, "column": 0 }, "end": { "line": 28, "column": 9 } },
      "28": { "start": { "line": 29, "column": 0 }, "end": { "line": 29, "column": 47 } },
      "29": { "start": { "line": 30, "column": 0 }, "end": { "line": 30, "column": 84 } },
      "30": { "start": { "line": 31, "column": 0 }, "end": { "line": 31, "column": 16 } },
      "31": { "start": { "line": 32, "column": 0 }, "end": { "line": 32, "column": 43 } },
      "32": { "start": { "line": 33, "column": 0 }, "end": { "line": 33, "column": 19 } },
      "33": { "start": { "line": 34, "column": 0 }, "end": { "line": 34, "column": 30 } },
      "34": { "start": { "line": 35, "column": 0 }, "end": { "line": 35, "column": 36 } },
      "35": { "start": { "line": 36, "column": 0 }, "end": { "line": 36, "column": 55 } },
      "36": { "start": { "line": 37, "column": 0 }, "end": { "line": 37, "column": 226 } },
      "37": { "start": { "line": 38, "column": 0 }, "end": { "line": 38, "column": 12 } },
      "38": { "start": { "line": 39, "column": 0 }, "end": { "line": 39, "column": 13 } },
      "39": { "start": { "line": 40, "column": 0 }, "end": { "line": 40, "column": 16 } },
      "40": { "start": { "line": 41, "column": 0 }, "end": { "line": 41, "column": 30 } },
      "41": { "start": { "line": 42, "column": 0 }, "end": { "line": 42, "column": 31 } },
      "42": { "start": { "line": 43, "column": 0 }, "end": { "line": 43, "column": 36 } },
      "43": { "start": { "line": 44, "column": 0 }, "end": { "line": 44, "column": 34 } },
      "44": { "start": { "line": 45, "column": 0 }, "end": { "line": 45, "column": 55 } },
      "45": { "start": { "line": 46, "column": 0 }, "end": { "line": 46, "column": 50 } },
      "46": { "start": { "line": 47, "column": 0 }, "end": { "line": 47, "column": 226 } },
[...]
        "decl": { "start": { "line": 16, "column": 2 }, "end": { "line": 37, "column": 3 } },
        "loc": { "start": { "line": 16, "column": 2 }, "end": { "line": 37, "column": 3 } },
        "line": 16
      }
    },
    "f": { "0": 2, "1": 8 }
  },
  "/home/terra/repo/2023q1/React-RSS/src/components/header/Header.tsx": {
    "path": "/home/terra/repo/2023q1/React-RSS/src/components/header/Header.tsx",
    "all": false,
    "statementMap": {
      "0": { "start": { "line": 1, "column": 0 }, "end": { "line": 1, "column": 26 } },
      "1": { "start": { "line": 2, "column": 0 }, "end": { "line": 2, "column": 43 } },
      "2": { "start": { "line": 3, "column": 0 }, "end": { "line": 3, "column": 0 } },
      "3": { "start": { "line": 4, "column": 0 }, "end": { "line": 4, "column": 38 } },
      "4": { "start": { "line": 5, "column": 0 }, "end": { "line": 5, "column": 30 } },
      "5": { "start": { "line": 6, "column": 0 }, "end": { "line": 6, "column": 17 } },
      "6": { "start": { "line": 7, "column": 0 }, "end": { "line": 7, "column": 3 } },
      "7": { "start": { "line": 8, "column": 0 }, "end": { "line": 8, "column": 0 } },
      "8": { "start": { "line": 9, "column": 0 }, "end": { "line": 9, "column": 12 } },
      "9": { "start": { "line": 10, "column": 0 }, "end": { "line": 10, "column": 12 } },
      "10": { "start": { "line": 11, "column": 0 }, "end": { "line": 11, "column": 140 } },
      "11": { "start": { "line": 12, "column": 0 }, "end": { "line": 12, "column": 13 } },
      "12": { "start": { "line": 13, "column": 0 }, "end": { "line": 13, "column": 41 } },
      "13": { "start": { "line": 14, "column": 0 }, "end": { "line": 14, "column": 16 } },
      "14": { "start": { "line": 15, "column": 0 }, "end": { "line": 15, "column": 22 } },
      "15": { "start": { "line": 16, "column": 0 }, "end": { "line": 16, "column": 24 } },
      "16": { "start": { "line": 17, "column": 0 }, "end": { "line": 17, "column": 85 } },
      "17": { "start": { "line": 18, "column": 0 }, "end": { "line": 18, "column": 42 } },
      "18": { "start": { "line": 19, "column": 0 }, "end": { "line": 19, "column": 26 } },
      "19": { "start": { "line": 20, "column": 0 }, "end": { "line": 20, "column": 70 } },
      "20": { "start": { "line": 21, "column": 0 }, "end": { "line": 21, "column": 20 } },
      "21": { "start": { "line": 22, "column": 0 }, "end": { "line": 22, "column": 18 } },
      "22": { "start": { "line": 23, "column": 0 }, "end": { "line": 23, "column": 15 } },
      "23": { "start": { "line": 24, "column": 0 }, "end": { "line": 24, "column": 20 } },
      "24": { "start": { "line": 25, "column": 0 }, "end": { "line": 25, "column": 24 } },
      "25": { "start": { "line": 26, "column": 0 }, "end": { "line": 26, "column": 17 } },
      "26": { "start": { "line": 27, "column": 0 }, "end": { "line": 27, "column": 16 } },
      "27": { "start": { "line": 28, "column": 0 }, "end": { "line": 28, "column": 22 } },
      "28": { "start": { "line": 29, "column": 0 }, "end": { "line": 29, "column": 32 } },
      "29": { "start": { "line": 30, "column": 0 }, "end": { "line": 30, "column": 85 } },
      "30": { "start": { "line": 31, "column": 0 }, "end": { "line": 31, "column": 42 } },
      "31": { "start": { "line": 32, "column": 0 }, "end": { "line": 32, "column": 26 } },
      "32": { "start": { "line": 33, "column": 0 }, "end": { "line": 33, "column": 70 } },
      "33": { "start": { "line": 34, "column": 0 }, "end": { "line": 34, "column": 20 } },
      "34": { "start": { "line": 35, "column": 0 }, "end": { "line": 35, "column": 18 } },
      "35": { "start": { "line": 36, "column": 0 }, "end": { "line": 36, "column": 15 } },
      "36": { "start": { "line": 37, "column": 0 }, "end": { "line": 37, "column": 24 } },
      "37": { "start": { "line": 38, "column": 0 }, "end": { "line": 38, "column": 24 } },
      "38": { "start": { "line": 39, "column": 0 }, "end": { "line": 39, "column": 17 } },
      "39": { "start": { "line": 40, "column": 0 }, "end": { "line": 40, "column": 16 } },
      "40": { "start": { "line": 41, "column": 0 }, "end": { "line": 41, "column": 22 } },
      "41": { "start": { "line": 42, "column": 0 }, "end": { "line": 42, "column": 32 } },
      "42": { "start": { "line": 43, "column": 0 }, "end": { "line": 43, "column": 85 } },
      "43": { "start": { "line": 44, "column": 0 }, "end": { "line": 44, "column": 42 } },
      "44": { "start": { "line": 45, "column": 0 }, "end": { "line": 45, "column": 26 } },
      "45": { "start": { "line": 46, "column": 0 }, "end": { "line": 46, "column": 70 } },
      "46": { "start": { "line": 47, "column": 0 }, "end": { "line": 47, "column": 20 } },
      "47": { "start": { "line": 48, "column": 0 }, "end": { "line": 48, "column": 18 } },
      "48": { "start": { "line": 49, "column": 0 }, "end": { "line": 49, "column": 15 } },
      "49": { "start": { "line": 50, "column": 0 }, "end": { "line": 50, "column": 23 } },
      "50": { "start": { "line": 51, "column": 0 }, "end": { "line": 51, "column": 24 } },
      "51": { "start": { "line": 52, "column": 0 }, "end": { "line": 52, "column": 17 } },
      "52": { "start": { "line": 53, "column": 0 }, "end": { "line": 53, "column": 15 } },
      "53": { "start": { "line": 54, "column": 0 }, "end": { "line": 54, "column": 14 } },
      "54": { "start": { "line": 55, "column": 0 }, "end": { "line": 55, "column": 15 } },
      "55": { "start": { "line": 56, "column": 0 }, "end": { "line": 56, "column": 6 } },
      "56": { "start": { "line": 57, "column": 0 }, "end": { "line": 57, "column": 3 } },
      "57": { "start": { "line": 58, "column": 0 }, "end": { "line": 58, "column": 1 } },
      "58": { "start": { "line": 59, "column": 0 }, "end": { "line": 59, "column": 0 } },
      "59": { "start": { "line": 60, "column": 0 }, "end": { "line": 60, "column": 22 } }
    },
    "s": {
      "0": 1,
      "1": 1,
      "2": 1,
      "3": 1,
      "4": 1,
      "5": 2,
      "6": 2,
      "7": 1,
      "8": 1,
      "9": 2,
      "10": 2,
      "11": 2,
      "12": 2,
      "13": 2,
      "14": 2,
      "15": 2,
      "16": 2,
      "17": 2,
      "18": 4,
      "19": 4,
      "20": 4,
      "21": 4,
      "22": 2,
      "23": 2,
      "24": 2,
      "25": 2,
      "26": 2,
      "27": 2,
      "28": 2,
      "29": 2,
      "30": 2,
      "31": 4,
      "32": 4,
      "33": 4,
      "34": 4,
      "35": 2,
      "36": 2,
      "37": 2,
      "38": 2,
      "39": 2,
      "40": 2,
      "41": 2,
      "42": 2,
      "43": 2,
      "44": 4,
      "45": 4,
      "46": 4,
      "47": 4,
      "48": 2,
      "49": 2,
      "50": 2,
      "51": 2,
      "52": 2,
      "53": 2,
      "54": 2,
      "55": 2,
      "56": 2,
      "57": 1,
      "58": 1,
      "59": 1
    },
    "branchMap": {
      "0": {
        "type": "branch",
        "line": 5,
        "loc": { "start": { "line": 5, "column": 2 }, "end": { "line": 7, "column": 3 } },
        "locations": [{ "start": { "line": 5, "column": 2 }, "end": { "line": 7, "column": 3 } }]
      },
      "1": {
        "type": "branch",
        "line": 9,
        "loc": { "start": { "line": 9, "column": 2 }, "end": { "line": 57, "column": 3 } },
        "locations": [{ "start": { "line": 9, "column": 2 }, "end": { "line": 57, "column": 3 } }]
      },
      "2": {
        "type": "branch",
        "line": 18,
        "loc": { "start": { "line": 18, "column": 23 }, "end": { "line": 22, "column": 18 } },
        "locations": [
          { "start": { "line": 18, "column": 23 }, "end": { "line": 22, "column": 18 } }
        ]
      },
      "3": {
        "type": "branch",
        "line": 20,
        "loc": { "start": { "line": 20, "column": 34 }, "end": { "line": 20, "column": 67 } },
        "locations": [
          { "start": { "line": 20, "column": 34 }, "end": { "line": 20, "column": 67 } }
        ]
      },
      "4": {
        "type": "branch",
        "line": 20,
        "loc": { "start": { "line": 20, "column": 45 }, "end": { "line": 20, "column": 70 } },
        "locations": [
          { "start": { "line": 20, "column": 45 }, "end": { "line": 20, "column": 70 } }
        ]
      },
      "5": {
        "type": "branch",
        "line": 31,
        "loc": { "start": { "line": 31, "column": 23 }, "end": { "line": 35, "column": 18 } },
        "locations": [
          { "start": { "line": 31, "column": 23 }, "end": { "line": 35, "column": 18 } }
        ]
      },
      "6": {
        "type": "branch",
        "line": 33,
        "loc": { "start": { "line": 33, "column": 34 }, "end": { "line": 33, "column": 67 } },
        "locations": [
          { "start": { "line": 33, "column": 34 }, "end": { "line": 33, "column": 67 } }
        ]
      },
      "7": {
        "type": "branch",
        "line": 44,
        "loc": { "start": { "line": 44, "column": 23 }, "end": { "line": 48, "column": 18 } },
        "locations": [
          { "start": { "line": 44, "column": 23 }, "end": { "line": 48, "column": 18 } }
        ]
      },
      "8": {
        "type": "branch",
        "line": 46,
        "loc": { "start": { "line": 46, "column": 34 }, "end": { "line": 46, "column": 67 } },
        "locations": [
          { "start": { "line": 46, "column": 34 }, "end": { "line": 46, "column": 67 } }
        ]
      },
      "9": {
        "type": "branch",
        "line": 46,
        "loc": { "start": { "line": 46, "column": 45 }, "end": { "line": 46, "column": 70 } },
        "locations": [
          { "start": { "line": 46, "column": 45 }, "end": { "line": 46, "column": 70 } }
        ]
      }
    },
    "b": {
      "0": [2],
      "1": [2],
      "2": [4],
      "3": [3],
      "4": [1],
      "5": [4],
      "6": [0],
      "7": [4],
      "8": [1],
      "9": [3]
    },
    "fnMap": {
      "0": {
        "name": "Header",
        "decl": { "start": { "line": 5, "column": 2 }, "end": { "line": 7, "column": 3 } },
        "loc": { "start": { "line": 5, "column": 2 }, "end": { "line": 7, "column": 3 } },
        "line": 5
      },
      "1": {
        "name": "render",
        "decl": { "start": { "line": 9, "column": 2 }, "end": { "line": 57, "column": 3 } },
        "loc": { "start": { "line": 9, "column": 2 }, "end": { "line": 57, "column": 3 } },
        "line": 9
      },
      "2": {
        "name": "style",
        "decl": { "start": { "line": 18, "column": 23 }, "end": { "line": 22, "column": 18 } },
        "loc": { "start": { "line": 18, "column": 23 }, "end": { "line": 22, "column": 18 } },
        "line": 18
      },
      "3": {
        "name": "style",
        "decl": { "start": { "line": 31, "column": 23 }, "end": { "line": 35, "column": 18 } },
        "loc": { "start": { "line": 31, "column": 23 }, "end": { "line": 35, "column": 18 } },
        "line": 31
      },
      "4": {
        "name": "style",
        "decl": { "start": { "line": 44, "column": 23 }, "end": { "line": 48, "column": 18 } },
        "loc": { "start": { "line": 44, "column": 23 }, "end": { "line": 48, "column": 18 } },
        "line": 44
      }
    },
    "f": { "0": 2, "1": 2, "2": 4, "3": 4, "4": 4 }
  },
  "/home/terra/repo/2023q1/React-RSS/src/components/searchBar/SearchBar.tsx": {
    "path": "/home/terra/repo/2023q1/React-RSS/src/components/searchBar/SearchBar.tsx",
    "all": false,
    "statementMap": {
      "0": { "start": { "line": 1, "column": 0 }, "end": { "line": 1, "column": 54 } },
      "1": { "start": { "line": 2, "column": 0 }, "end": { "line": 2, "column": 0 } },
      "2": { "start": { "line": 3, "column": 0 }, "end": { "line": 3, "column": 41 } },
      "3": { "start": { "line": 4, "column": 0 }, "end": { "line": 4, "column": 24 } },
      "4": { "start": { "line": 5, "column": 0 }, "end": { "line": 5, "column": 30 } },
      "5": { "start": { "line": 6, "column": 0 }, "end": { "line": 6, "column": 17 } },
      "6": { "start": { "line": 7, "column": 0 }, "end": { "line": 7, "column": 68 } },
      "7": { "start": { "line": 8, "column": 0 }, "end": { "line": 8, "column": 53 } },
      "8": { "start": { "line": 9, "column": 0 }, "end": { "line": 9, "column": 53 } },
      "9": { "start": { "line": 10, "column": 0 }, "end": { "line": 10, "column": 3 } },
      "10": { "start": { "line": 11, "column": 0 }, "end": { "line": 11, "column": 0 } },
      "11": { "start": { "line": 12, "column": 0 }, "end": { "line": 12, "column": 60 } },
      "12": { "start": { "line": 13, "column": 0 }, "end": { "line": 13, "column": 49 } },
      "13": { "start": { "line": 14, "column": 0 }, "end": { "line": 14, "column": 3 } },
      "14": { "start": { "line": 15, "column": 0 }, "end": { "line": 15, "column": 0 } },
      "15": { "start": { "line": 16, "column": 0 }, "end": { "line": 16, "column": 34 } },
      "16": { "start": { "line": 17, "column": 0 }, "end": { "line": 17, "column": 54 } },
      "17": { "start": { "line": 18, "column": 0 }, "end": { "line": 18, "column": 27 } },
      "18": { "start": { "line": 19, "column": 0 }, "end": { "line": 19, "column": 3 } },
      "19": { "start": { "line": 20, "column": 0 }, "end": { "line": 20, "column": 0 } },
      "20": { "start": { "line": 21, "column": 0 }, "end": { "line": 21, "column": 32 } },
      "21": { "start": { "line": 22, "column": 0 }, "end": { "line": 22, "column": 33 } },
      "22": { "start": { "line": 23, "column": 0 }, "end": { "line": 23, "column": 43 } },
      "23": { "start": { "line": 24, "column": 0 }, "end": { "line": 24, "column": 3 } },
      "24": { "start": { "line": 25, "column": 0 }, "end": { "line": 25, "column": 0 } },
      "25": { "start": { "line": 26, "column": 0 }, "end": { "line": 26, "column": 12 } },
      "26": { "start": { "line": 27, "column": 0 }, "end": { "line": 27, "column": 12 } },
      "27": { "start": { "line": 28, "column": 0 }, "end": { "line": 28, "column": 88 } },
      "28": { "start": { "line": 29, "column": 0 }, "end": { "line": 29, "column": 14 } },
      "29": { "start": { "line": 30, "column": 0 }, "end": { "line": 30, "column": 21 } },
      "30": { "start": { "line": 31, "column": 0 }, "end": { "line": 31, "column": 34 } },
      "31": { "start": { "line": 32, "column": 0 }, "end": { "line": 32, "column": 38 } },
      "32": { "start": { "line": 33, "column": 0 }, "end": { "line": 33, "column": 248 } },
      "33": { "start": { "line": 34, "column": 0 }, "end": { "line": 34, "column": 10 } },
      "34": { "start": { "line": 35, "column": 0 }, "end": { "line": 35, "column": 15 } },
      "35": { "start": { "line": 36, "column": 0 }, "end": { "line": 36, "column": 23 } },
      "36": { "start": { "line": 37, "column": 0 }, "end": { "line": 37, "column": 23 } },
      "37": { "start": { "line": 38, "column": 0 }, "end": { "line": 38, "column": 38 } },
      "38": { "start": { "line": 39, "column": 0 }, "end": { "line": 39, "column": 64 } },
      "39": { "start": { "line": 40, "column": 0 }, "end": { "line": 40, "column": 9 } },
      "40": { "start": { "line": 41, "column": 0 }, "end": { "line": 41, "column": 51 } },
      "41": { "start": { "line": 42, "column": 0 }, "end": { "line": 42, "column": 17 } },
      "42": { "start": { "line": 43, "column": 0 }, "end": { "line": 43, "column": 13 } },
      "43": { "start": { "line": 44, "column": 0 }, "end": { "line": 44, "column": 6 } },
      "44": { "start": { "line": 45, "column": 0 }, "end": { "line": 45, "column": 3 } },
      "45": { "start": { "line": 46, "column": 0 }, "end": { "line": 46, "column": 1 } },
      "46": { "start": { "line": 47, "column": 0 }, "end": { "line": 47, "column": 0 } },
      "47": { "start": { "line": 48, "column": 0 }, "end": { "line": 48, "column": 25 } }
    },
    "s": {
      "0": 1,
      "1": 1,
      "2": 1,
      "3": 1,
      "4": 1,
      "5": 4,
      "6": 4,
      "7": 4,
      "8": 4,
      "9": 4,
      "10": 1,
      "11": 1,
      "12": 5,
      "13": 5,
      "14": 1,
      "15": 1,
      "16": 1,
      "17": 1,
      "18": 1,
      "19": 1,
      "20": 1,
      "21": 4,
      "22": 4,
      "23": 4,
      "24": 1,
      "25": 1,
      "26": 9,
      "27": 9,
      "28": 9,
      "29": 9,
      "30": 9,
      "31": 9,
      "32": 9,
      "33": 9,
      "34": 9,
      "35": 9,
      "36": 9,
      "37": 9,
      "38": 9,
      "39": 9,
      "40": 9,
      "41": 9,
      "42": 9,
      "43": 9,
      "44": 9,
      "45": 1,
      "46": 1,
      "47": 1
    },
    "branchMap": {
      "0": {
        "type": "branch",
        "line": 4,
        "loc": { "start": { "line": 4, "column": 2 }, "end": { "line": 4, "column": 24 } },
        "locations": [{ "start": { "line": 4, "column": 2 }, "end": { "line": 4, "column": 24 } }]
      },
      "1": {
        "type": "branch",
        "line": 5,
        "loc": { "start": { "line": 5, "column": 2 }, "end": { "line": 10, "column": 3 } },
        "locations": [{ "start": { "line": 5, "column": 2 }, "end": { "line": 10, "column": 3 } }]
      },
      "2": {
        "type": "branch",
        "line": 7,
        "loc": { "start": { "line": 7, "column": 58 }, "end": { "line": 7, "column": 66 } },
        "locations": [{ "start": { "line": 7, "column": 58 }, "end": { "line": 7, "column": 66 } }]
      },
      "3": {
        "type": "branch",
        "line": 12,
        "loc": { "start": { "line": 12, "column": 2 }, "end": { "line": 14, "column": 3 } },
        "locations": [{ "start": { "line": 12, "column": 2 }, "end": { "line": 14, "column": 3 } }]
      },
      "4": {
        "type": "branch",
        "line": 16,
        "loc": { "start": { "line": 16, "column": 2 }, "end": { "line": 19, "column": 3 } },
        "locations": [{ "start": { "line": 16, "column": 2 }, "end": { "line": 19, "column": 3 } }]
      },
      "5": {
        "type": "branch",
        "line": 21,
        "loc": { "start": { "line": 21, "column": 2 }, "end": { "line": 24, "column": 3 } },
        "locations": [{ "start": { "line": 21, "column": 2 }, "end": { "line": 24, "column": 3 } }]
      },
      "6": {
        "type": "branch",
        "line": 26,
        "loc": { "start": { "line": 26, "column": 2 }, "end": { "line": 45, "column": 3 } },
        "locations": [{ "start": { "line": 26, "column": 2 }, "end": { "line": 45, "column": 3 } }]
      }
    },
    "b": { "0": [4], "1": [4], "2": [3], "3": [5], "4": [1], "5": [4], "6": [9] },
    "fnMap": {
      "0": {
        "name": "<instance_members_initializer>",
        "decl": { "start": { "line": 4, "column": 2 }, "end": { "line": 4, "column": 24 } },
        "loc": { "start": { "line": 4, "column": 2 }, "end": { "line": 4, "column": 24 } },
        "line": 4
      },
      "1": {
        "name": "SearchBar",
        "decl": { "start": { "line": 5, "column": 2 }, "end": { "line": 10, "column": 3 } },
        "loc": { "start": { "line": 5, "column": 2 }, "end": { "line": 10, "column": 3 } },
        "line": 5
      },
      "2": {
        "name": "handleChange",
        "decl": { "start": { "line": 12, "column": 2 }, "end": { "line": 14, "column": 3 } },
        "loc": { "start": { "line": 12, "column": 2 }, "end": { "line": 14, "column": 3 } },
        "line": 12
      },
      "3": {
        "name": "handleSubmit",
        "decl": { "start": { "line": 16, "column": 2 }, "end": { "line": 19, "column": 3 } },
        "loc": { "start": { "line": 16, "column": 2 }, "end": { "line": 19, "column": 3 } },
        "line": 16
      },
      "4": {
        "name": "componentWillUnmount",
        "decl": { "start": { "line": 21, "column": 2 }, "end": { "line": 24, "column": 3 } },
        "loc": { "start": { "line": 21, "column": 2 }, "end": { "line": 24, "column": 3 } },
        "line": 21
      },
      "5": {
        "name": "render",
        "decl": { "start": { "line": 26, "column": 2 }, "end": { "line": 45, "column": 3 } },
        "loc": { "start": { "line": 26, "column": 2 }, "end": { "line": 45, "column": 3 } },
        "line": 26
      }
    },
    "f": { "0": 4, "1": 4, "2": 5, "3": 1, "4": 4, "5": 9 }
  }
}
